#
# A fatal error has been detected by the Java Runtime Environment:
#
#  EXCEPTION_ACCESS_VIOLATION (0xc0000005) at pc=0x0000000064a4cb17, pid=32684, tid=39520
#
# JRE version: OpenJDK Runtime Environment AdoptOpenJDK-16.0.1+9 (16.0.1+9) (build 16.0.1+9)
# Java VM: OpenJDK 64-Bit Server VM AdoptOpenJDK-16.0.1+9 (16.0.1+9, mixed mode, sharing, tiered, compressed oops, compressed class ptrs, g1 gc, windows-amd64)
# Problematic frame:
# C  [imgui-java64.dll+0x4cb17]
#
# No core dump will be written. Minidumps are not enabled by default on client versions of Windows
#
# If you would like to submit a bug report, please visit:
#   https://github.com/AdoptOpenJDK/openjdk-support/issues
# The crash happened outside the Java Virtual Machine in native code.
# See problematic frame for where to report the bug.
#

---------------  S U M M A R Y ------------

Command Line: -agentlib:jdwp=transport=dt_socket,address=127.0.0.1:55376,suspend=y,server=n -javaagent:C:\Users\dpete\.gradle\caches\modules-2\files-2.1\org.jetbrains.kotlinx\kotlinx-coroutines-core-jvm\1.5.2\f4cc07a50437659e0043e7da762809a46932b6a0\kotlinx-coroutines-core-jvm-1.5.2.jar -javaagent:C:\Users\dpete\AppData\Local\JetBrains\IntelliJIdea2021.1\captureAgent\debugger-agent.jar -Dfile.encoding=UTF-8 MainKt

Host: Intel(R) Core(TM) i5-6600K CPU @ 3.50GHz, 4 cores, 15G,  Windows 10 , 64 bit Build 19041 (10.0.19041.1202)
Time: Tue Nov  2 17:12:58 2021 Central Europe Standard Time elapsed time: 1.495445 seconds (0d 0h 0m 1s)

---------------  T H R E A D  ---------------

Current thread (0x00000184d87a27f0):  JavaThread "main" [_thread_in_native, id=39520, stack(0x0000000ad1b00000,0x0000000ad1c00000)]

Stack: [0x0000000ad1b00000,0x0000000ad1c00000],  sp=0x0000000ad1bfe920,  free space=1018k
Native frames: (J=compiled Java code, j=interpreted, Vv=VM code, C=native code)
C  [imgui-java64.dll+0x4cb17]

Java frames: (J=compiled Java code, j=interpreted, Vv=VM code)
j  imgui.ImGui.begin(Ljava/lang/String;)Z+0
j  engine.entitysystem.Scene.render(F)V+187
j  ktx.app.KtxGame.render()V+45
j  GameCore.render()V+19
j  com.badlogic.gdx.backends.lwjgl3.Lwjgl3Window.update()Z+187
j  com.badlogic.gdx.backends.lwjgl3.Lwjgl3Application.loop()V+111
j  com.badlogic.gdx.backends.lwjgl3.Lwjgl3Application.<init>(Lcom/badlogic/gdx/ApplicationListener;Lcom/badlogic/gdx/backends/lwjgl3/Lwjgl3ApplicationConfiguration;)V+243
j  MainKt.main()V+25
j  MainKt.main([Ljava/lang/String;)V+0
v  ~StubRoutines::call_stub

siginfo: EXCEPTION_ACCESS_VIOLATION (0xc0000005), reading address 0x0000000000001c98


Register to memory mapping:

RIP=0x0000000064a4cb17 imgui-java64.dll
RAX=0x00000184fdc12420 points into unknown readable memory: 0x6863726172656948 | 48 69 65 72 61 72 63 68
RBX=0x00000184fdc12420 points into unknown readable memory: 0x6863726172656948 | 48 69 65 72 61 72 63 68
RCX=0x00000184fdc12420 points into unknown readable memory: 0x6863726172656948 | 48 69 65 72 61 72 63 68
RDX=0x0 is NULL
RSP=0x0000000ad1bfe920 is pointing into the stack for thread: 0x00000184d87a27f0
RBP=0x0000000ad1bfec68 is pointing into the stack for thread: 0x00000184d87a27f0
RSI=0x0 is NULL
RDI=0x00000184e1149f0e is at code_begin+3502 in an Interpreter codelet
return entry points  [0x00000184e1149160, 0x00000184e114b3a0]  8768 bytes
R8 =0x0 is NULL
R9 =0x0000000000000001 is an unknown value
R10=0x00000184fdc12429 points into unknown readable memory: 00 5f df fb 7f 00 00
R11=0x00000184fdc12420 points into unknown readable memory: 0x6863726172656948 | 48 69 65 72 61 72 63 68
R12=0x00000184d87a2b00 points into unknown readable memory: 0x0000018484ca0000 | 00 00 ca 84 84 01 00 00
R13=0x0 is NULL
R14=0x0000000ad1bfec88 is pointing into the stack for thread: 0x00000184d87a27f0
R15=0x00000184d87a27f0 is a thread


Registers:
RAX=0x00000184fdc12420, RBX=0x00000184fdc12420, RCX=0x00000184fdc12420, RDX=0x0000000000000000
RSP=0x0000000ad1bfe920, RBP=0x0000000ad1bfec68, RSI=0x0000000000000000, RDI=0x00000184e1149f0e
R8 =0x0000000000000000, R9 =0x0000000000000001, R10=0x00000184fdc12429, R11=0x00000184fdc12420
R12=0x00000184d87a2b00, R13=0x0000000000000000, R14=0x0000000ad1bfec88, R15=0x00000184d87a27f0
RIP=0x0000000064a4cb17, EFLAGS=0x0000000000010206

Top of Stack: (sp=0x0000000ad1bfe920)
0x0000000ad1bfe920:   000000000000000a 0000000000000004
0x0000000ad1bfe930:   00000184d6680000 0000000ad1bfe9f9
0x0000000ad1bfe940:   0000000000000002 00007ffc52f5b3c7
0x0000000ad1bfe950:   00000184d6610000 0000000000000002
0x0000000ad1bfe960:   000000000000000a 0000000700000000
0x0000000ad1bfe970:   00000184d87a3110 00007ffbdf0ee68a
0x0000000ad1bfe980:   00000002d87a2d40 00000184d87a2701
0x0000000ad1bfe990:   00000184d87a2d20 0000000ad1bfeb00
0x0000000ad1bfe9a0:   00000184d87a3110 0000000000000000
0x0000000ad1bfe9b0:   00000184d87a27f0 00007ffbdf43006e
0x0000000ad1bfe9c0:   0000000a0000000b 0000000064a6c270
0x0000000ad1bfe9d0:   0000000ad1bfebc0 0000000000000003
0x0000000ad1bfe9e0:   0000000ad1bfebc0 0000000ad1bfeba0
0x0000000ad1bfe9f0:   00000184d87a2d20 00007ffbdf0ee22f
0x0000000ad1bfea00:   00000184d87a3118 00000184d87a27f0
0x0000000ad1bfea10:   00000184d87a27f0 0000000000000001 

Instructions: (pc=0x0000000064a4cb17)
0x0000000064a4ca17:   b1 fe ff ff 31 c0 4c 39 f5 49 89 d9 4c 89 e2 0f
0x0000000064a4ca27:   94 c0 4c 89 e9 89 44 24 30 f3 0f 10 85 d4 00 00
0x0000000064a4ca37:   00 f3 0f 11 44 24 28 8b 85 d0 00 00 00 89 44 24
0x0000000064a4ca47:   20 4c 8b 85 c8 00 00 00 e8 3c a6 ff ff e9 fc fe
0x0000000064a4ca57:   ff ff 49 89 c7 e9 0f fc ff ff 4c 89 f1 49 89 c4
0x0000000064a4ca67:   e8 a4 b1 ff ff 48 89 f1 e8 9c b1 ff ff 4c 89 e1
0x0000000064a4ca77:   e8 24 56 11 00 90 0f 1f 00 41 57 41 56 41 55 41
0x0000000064a4ca87:   54 55 57 56 53 48 81 ec 38 02 00 00 0f 11 b4 24
0x0000000064a4ca97:   90 01 00 00 0f 11 bc 24 a0 01 00 00 44 0f 11 84
0x0000000064a4caa7:   24 b0 01 00 00 44 0f 11 8c 24 c0 01 00 00 44 0f
0x0000000064a4cab7:   11 94 24 d0 01 00 00 44 0f 11 9c 24 e0 01 00 00
0x0000000064a4cac7:   44 0f 11 a4 24 f0 01 00 00 44 0f 11 ac 24 00 02
0x0000000064a4cad7:   00 00 44 0f 11 b4 24 10 02 00 00 44 0f 11 bc 24
0x0000000064a4cae7:   20 02 00 00 48 8b 35 36 86 48 00 48 89 8c 24 80
0x0000000064a4caf7:   02 00 00 45 89 c5 48 89 94 24 88 02 00 00 48 85
0x0000000064a4cb07:   c9 0f 84 4a 09 00 00 80 39 00 0f 84 41 09 00 00
0x0000000064a4cb17:   80 be 98 1c 00 00 00 0f 84 5b 09 00 00 8b 86 88
0x0000000064a4cb27:   1c 00 00 39 86 8c 1c 00 00 0f 84 75 09 00 00 48
0x0000000064a4cb37:   8b 8c 24 80 02 00 00 e8 9d 98 fe ff 49 89 c4 48
0x0000000064a4cb47:   89 c3 48 85 c0 0f 84 c6 37 00 00 44 89 ea 44 89
0x0000000064a4cb57:   e8 81 e2 00 02 0c 00 83 c8 06 81 fa 00 02 0c 00
0x0000000064a4cb67:   44 0f 44 e8 41 f7 c5 00 00 80 00 74 0d 41 f7 c5
0x0000000064a4cb77:   00 00 00 01 0f 84 4f 32 00 00 8b 86 88 1c 00 00
0x0000000064a4cb87:   44 8b 96 e0 1c 00 00 89 44 24 48 8b 83 80 02 00
0x0000000064a4cb97:   00 89 44 24 54 31 c0 45 85 d2 75 07 0f b6 86 99
0x0000000064a4cba7:   1c 00 00 88 83 cf 00 00 00 8b 44 24 48 83 e8 01
0x0000000064a4cbb7:   39 44 24 54 0f 9c 44 24 5b 41 f7 c5 00 00 00 04
0x0000000064a4cbc7:   74 46 48 63 be 00 1f 00 00 85 ff 0f 88 08 09 00
0x0000000064a4cbd7:   00 3b be f0 1e 00 00 0f 8d fc 08 00 00 48 8d 04
0x0000000064a4cbe7:   7f 48 c1 e0 04 48 03 86 f8 1e 00 00 8b 38 39 bb
0x0000000064a4cbf7:   dc 00 00 00 0f 95 c2 0a 54 24 5b 48 39 58 08 0f
0x0000000064a4cc07:   95 c0 09 c2 88 54 24 5b 0f b6 ab cd 00 00 00 8b 


Stack slot to memory mapping:
stack at sp + 0 slots: 0x000000000000000a is an unknown value
stack at sp + 1 slots: 0x0000000000000004 is an unknown value
stack at sp + 2 slots: 0x00000184d6680000 points into unknown readable memory: 0x0000000000000000 | 00 00 00 00 00 00 00 00
stack at sp + 3 slots: 0x0000000ad1bfe9f9 is pointing into the stack for thread: 0x00000184d87a27f0
stack at sp + 4 slots: 0x0000000000000002 is an unknown value
stack at sp + 5 slots: 0x00007ffc52f5b3c7 ntdll.dll
stack at sp + 6 slots: 0x00000184d6610000 points into unknown readable memory: 0x0000000000000000 | 00 00 00 00 00 00 00 00
stack at sp + 7 slots: 0x0000000000000002 is an unknown value


---------------  P R O C E S S  ---------------

Threads class SMR info:
_java_thread_list=0x00000184fdbd5410, length=16, elements={
0x00000184d87a27f0, 0x00000184fbdc2830, 0x00000184fbdc34f0, 0x00000184fbdccbc0,
0x00000184fbdcf5e0, 0x00000184fbdcffe0, 0x00000184fbdd19f0, 0x00000184fbdd2720,
0x00000184fbdd8720, 0x00000184fbdf5560, 0x00000184fc8e4820, 0x00000184fc98d0f0,
0x00000184fc9a7170, 0x00000184fca15640, 0x00000184fc8e5810, 0x00000184fc8e6800
}

Java Threads: ( => current thread )
=>0x00000184d87a27f0 JavaThread "main" [_thread_in_native, id=39520, stack(0x0000000ad1b00000,0x0000000ad1c00000)]
  0x00000184fbdc2830 JavaThread "Reference Handler" daemon [_thread_blocked, id=22388, stack(0x0000000ad2200000,0x0000000ad2300000)]
  0x00000184fbdc34f0 JavaThread "Finalizer" daemon [_thread_blocked, id=37184, stack(0x0000000ad2300000,0x0000000ad2400000)]
  0x00000184fbdccbc0 JavaThread "Signal Dispatcher" daemon [_thread_blocked, id=19996, stack(0x0000000ad2400000,0x0000000ad2500000)]
  0x00000184fbdcf5e0 JavaThread "Attach Listener" daemon [_thread_blocked, id=14580, stack(0x0000000ad2500000,0x0000000ad2600000)]
  0x00000184fbdcffe0 JavaThread "Service Thread" daemon [_thread_blocked, id=33548, stack(0x0000000ad2600000,0x0000000ad2700000)]
  0x00000184fbdd19f0 JavaThread "Monitor Deflation Thread" daemon [_thread_blocked, id=20300, stack(0x0000000ad2700000,0x0000000ad2800000)]
  0x00000184fbdd2720 JavaThread "C2 CompilerThread0" daemon [_thread_blocked, id=32556, stack(0x0000000ad2800000,0x0000000ad2900000)]
  0x00000184fbdd8720 JavaThread "C1 CompilerThread0" daemon [_thread_blocked, id=37060, stack(0x0000000ad2900000,0x0000000ad2a00000)]
  0x00000184fbdf5560 JavaThread "Sweeper thread" daemon [_thread_blocked, id=29952, stack(0x0000000ad2a00000,0x0000000ad2b00000)]
  0x00000184fc8e4820 JavaThread "Common-Cleaner" daemon [_thread_blocked, id=8292, stack(0x0000000ad2b00000,0x0000000ad2c00000)]
  0x00000184fc98d0f0 JavaThread "JDWP Transport Listener: dt_socket" daemon [_thread_blocked, id=30696, stack(0x0000000ad2c00000,0x0000000ad2d00000)]
  0x00000184fc9a7170 JavaThread "JDWP Event Helper Thread" daemon [_thread_blocked, id=30944, stack(0x0000000ad2d00000,0x0000000ad2e00000)]
  0x00000184fca15640 JavaThread "JDWP Command Reader" daemon [_thread_in_native, id=20568, stack(0x0000000ad2e00000,0x0000000ad2f00000)]
  0x00000184fc8e5810 JavaThread "Coroutines Debugger Cleaner" daemon [_thread_blocked, id=39304, stack(0x0000000ad3000000,0x0000000ad3100000)]
  0x00000184fc8e6800 JavaThread "Notification Thread" daemon [_thread_blocked, id=20904, stack(0x0000000ad3100000,0x0000000ad3200000)]

Other Threads:
  0x00000184fbdb88c0 VMThread "VM Thread" [stack: 0x0000000ad2100000,0x0000000ad2200000] [id=39452]
  0x00000184d87a35f0 WatcherThread [stack: 0x0000000ad3200000,0x0000000ad3300000] [id=32988]
  0x00000184d87f0e30 GCTaskThread "GC Thread#0" [stack: 0x0000000ad1c00000,0x0000000ad1d00000] [id=27336]
  0x00000184fcfaebb0 GCTaskThread "GC Thread#1" [stack: 0x0000000ad3300000,0x0000000ad3400000] [id=34644]
  0x00000184fcf687f0 GCTaskThread "GC Thread#2" [stack: 0x0000000ad3400000,0x0000000ad3500000] [id=20588]
  0x00000184fcf68b00 GCTaskThread "GC Thread#3" [stack: 0x0000000ad3500000,0x0000000ad3600000] [id=28200]
  0x00000184d8801cb0 ConcurrentGCThread "G1 Main Marker" [stack: 0x0000000ad1d00000,0x0000000ad1e00000] [id=9960]
  0x00000184d8803630 ConcurrentGCThread "G1 Conc#0" [stack: 0x0000000ad1e00000,0x0000000ad1f00000] [id=14124]
  0x00000184fbc720c0 ConcurrentGCThread "G1 Refine#0" [stack: 0x0000000ad1f00000,0x0000000ad2000000] [id=25364]
  0x00000184fbc72a40 ConcurrentGCThread "G1 Service" [stack: 0x0000000ad2000000,0x0000000ad2100000] [id=35428]

Threads with active compile tasks:

VM state: not at safepoint (normal execution)

VM Mutex/Monitor currently owned by a thread: None

Heap address: 0x0000000700c00000, size: 4084 MB, Compressed Oops mode: Zero based, Oop shift amount: 3

CDS archive(s) mapped at: [0x0000000800000000-0x0000000800bf0000-0x0000000800bf0000), size 12517376, SharedBaseAddress: 0x0000000800000000, ArchiveRelocationMode: 0.
Compressed class space mapped at: 0x0000000800c00000-0x0000000840c00000, reserved size: 1073741824
Narrow klass base: 0x0000000800000000, Narrow klass shift: 3, Narrow klass range: 0x100000000

GC Precious Log:
 CPUs: 4 total, 4 available
 Memory: 16331M
 Large Page Support: Disabled
 NUMA Support: Disabled
 Compressed Oops: Enabled (Zero based)
 Heap Region Size: 2M
 Heap Min Capacity: 8M
 Heap Initial Capacity: 256M
 Heap Max Capacity: 4084M
 Pre-touch: Disabled
 Parallel Workers: 4
 Concurrent Workers: 1
 Concurrent Refinement Workers: 4
 Periodic GC: Disabled

Heap:
 garbage-first heap   total 262144K, used 16374K [0x0000000700c00000, 0x0000000800000000)
  region size 2048K, 9 young (18432K), 1 survivors (2048K)
 Metaspace       used 9041K, committed 9216K, reserved 1064960K
  class space    used 514K, committed 640K, reserved 1048576K

Heap Regions: E=young(eden), S=young(survivor), O=old, HS=humongous(starts), HC=humongous(continues), CS=collection set, F=free, OA=open archive, CA=closed archive, TAMS=top-at-mark-start (previous, next)
|   0|0x0000000700c00000, 0x0000000700e00000, 0x0000000700e00000|100%| O|  |TAMS 0x0000000700c00000, 0x0000000700c00000| Untracked 
|   1|0x0000000700e00000, 0x0000000700f29400, 0x0000000701000000| 58%| O|  |TAMS 0x0000000700e00000, 0x0000000700e00000| Untracked 
|   2|0x0000000701000000, 0x0000000701000000, 0x0000000701200000|  0%| F|  |TAMS 0x0000000701000000, 0x0000000701000000| Untracked 
|   3|0x0000000701200000, 0x0000000701200000, 0x0000000701400000|  0%| F|  |TAMS 0x0000000701200000, 0x0000000701200000| Untracked 
|   4|0x0000000701400000, 0x0000000701400000, 0x0000000701600000|  0%| F|  |TAMS 0x0000000701400000, 0x0000000701400000| Untracked 
|   5|0x0000000701600000, 0x0000000701600000, 0x0000000701800000|  0%| F|  |TAMS 0x0000000701600000, 0x0000000701600000| Untracked 
|   6|0x0000000701800000, 0x0000000701800000, 0x0000000701a00000|  0%| F|  |TAMS 0x0000000701800000, 0x0000000701800000| Untracked 
|   7|0x0000000701a00000, 0x0000000701a00000, 0x0000000701c00000|  0%| F|  |TAMS 0x0000000701a00000, 0x0000000701a00000| Untracked 
|   8|0x0000000701c00000, 0x0000000701c00000, 0x0000000701e00000|  0%| F|  |TAMS 0x0000000701c00000, 0x0000000701c00000| Untracked 
|   9|0x0000000701e00000, 0x0000000701e00000, 0x0000000702000000|  0%| F|  |TAMS 0x0000000701e00000, 0x0000000701e00000| Untracked 
|  10|0x0000000702000000, 0x0000000702000000, 0x0000000702200000|  0%| F|  |TAMS 0x0000000702000000, 0x0000000702000000| Untracked 
|  11|0x0000000702200000, 0x0000000702200000, 0x0000000702400000|  0%| F|  |TAMS 0x0000000702200000, 0x0000000702200000| Untracked 
|  12|0x0000000702400000, 0x0000000702400000, 0x0000000702600000|  0%| F|  |TAMS 0x0000000702400000, 0x0000000702400000| Untracked 
|  13|0x0000000702600000, 0x0000000702600000, 0x0000000702800000|  0%| F|  |TAMS 0x0000000702600000, 0x0000000702600000| Untracked 
|  14|0x0000000702800000, 0x0000000702800000, 0x0000000702a00000|  0%| F|  |TAMS 0x0000000702800000, 0x0000000702800000| Untracked 
|  15|0x0000000702a00000, 0x0000000702a00000, 0x0000000702c00000|  0%| F|  |TAMS 0x0000000702a00000, 0x0000000702a00000| Untracked 
|  16|0x0000000702c00000, 0x0000000702c00000, 0x0000000702e00000|  0%| F|  |TAMS 0x0000000702c00000, 0x0000000702c00000| Untracked 
|  17|0x0000000702e00000, 0x0000000702e00000, 0x0000000703000000|  0%| F|  |TAMS 0x0000000702e00000, 0x0000000702e00000| Untracked 
|  18|0x0000000703000000, 0x0000000703000000, 0x0000000703200000|  0%| F|  |TAMS 0x0000000703000000, 0x0000000703000000| Untracked 
|  19|0x0000000703200000, 0x0000000703200000, 0x0000000703400000|  0%| F|  |TAMS 0x0000000703200000, 0x0000000703200000| Untracked 
|  20|0x0000000703400000, 0x0000000703400000, 0x0000000703600000|  0%| F|  |TAMS 0x0000000703400000, 0x0000000703400000| Untracked 
|  21|0x0000000703600000, 0x0000000703600000, 0x0000000703800000|  0%| F|  |TAMS 0x0000000703600000, 0x0000000703600000| Untracked 
|  22|0x0000000703800000, 0x0000000703800000, 0x0000000703a00000|  0%| F|  |TAMS 0x0000000703800000, 0x0000000703800000| Untracked 
|  23|0x0000000703a00000, 0x0000000703a00000, 0x0000000703c00000|  0%| F|  |TAMS 0x0000000703a00000, 0x0000000703a00000| Untracked 
|  24|0x0000000703c00000, 0x0000000703c00000, 0x0000000703e00000|  0%| F|  |TAMS 0x0000000703c00000, 0x0000000703c00000| Untracked 
|  25|0x0000000703e00000, 0x0000000703e00000, 0x0000000704000000|  0%| F|  |TAMS 0x0000000703e00000, 0x0000000703e00000| Untracked 
|  26|0x0000000704000000, 0x0000000704000000, 0x0000000704200000|  0%| F|  |TAMS 0x0000000704000000, 0x0000000704000000| Untracked 
|  27|0x0000000704200000, 0x0000000704200000, 0x0000000704400000|  0%| F|  |TAMS 0x0000000704200000, 0x0000000704200000| Untracked 
|  28|0x0000000704400000, 0x0000000704400000, 0x0000000704600000|  0%| F|  |TAMS 0x0000000704400000, 0x0000000704400000| Untracked 
|  29|0x0000000704600000, 0x0000000704600000, 0x0000000704800000|  0%| F|  |TAMS 0x0000000704600000, 0x0000000704600000| Untracked 
|  30|0x0000000704800000, 0x0000000704800000, 0x0000000704a00000|  0%| F|  |TAMS 0x0000000704800000, 0x0000000704800000| Untracked 
|  31|0x0000000704a00000, 0x0000000704a00000, 0x0000000704c00000|  0%| F|  |TAMS 0x0000000704a00000, 0x0000000704a00000| Untracked 
|  32|0x0000000704c00000, 0x0000000704c00000, 0x0000000704e00000|  0%| F|  |TAMS 0x0000000704c00000, 0x0000000704c00000| Untracked 
|  33|0x0000000704e00000, 0x0000000704e00000, 0x0000000705000000|  0%| F|  |TAMS 0x0000000704e00000, 0x0000000704e00000| Untracked 
|  34|0x0000000705000000, 0x0000000705000000, 0x0000000705200000|  0%| F|  |TAMS 0x0000000705000000, 0x0000000705000000| Untracked 
|  35|0x0000000705200000, 0x0000000705200000, 0x0000000705400000|  0%| F|  |TAMS 0x0000000705200000, 0x0000000705200000| Untracked 
|  36|0x0000000705400000, 0x0000000705400000, 0x0000000705600000|  0%| F|  |TAMS 0x0000000705400000, 0x0000000705400000| Untracked 
|  37|0x0000000705600000, 0x0000000705600000, 0x0000000705800000|  0%| F|  |TAMS 0x0000000705600000, 0x0000000705600000| Untracked 
|  38|0x0000000705800000, 0x0000000705800000, 0x0000000705a00000|  0%| F|  |TAMS 0x0000000705800000, 0x0000000705800000| Untracked 
|  39|0x0000000705a00000, 0x0000000705a00000, 0x0000000705c00000|  0%| F|  |TAMS 0x0000000705a00000, 0x0000000705a00000| Untracked 
|  40|0x0000000705c00000, 0x0000000705c00000, 0x0000000705e00000|  0%| F|  |TAMS 0x0000000705c00000, 0x0000000705c00000| Untracked 
|  41|0x0000000705e00000, 0x0000000705e00000, 0x0000000706000000|  0%| F|  |TAMS 0x0000000705e00000, 0x0000000705e00000| Untracked 
|  42|0x0000000706000000, 0x0000000706000000, 0x0000000706200000|  0%| F|  |TAMS 0x0000000706000000, 0x0000000706000000| Untracked 
|  43|0x0000000706200000, 0x0000000706200000, 0x0000000706400000|  0%| F|  |TAMS 0x0000000706200000, 0x0000000706200000| Untracked 
|  44|0x0000000706400000, 0x0000000706400000, 0x0000000706600000|  0%| F|  |TAMS 0x0000000706400000, 0x0000000706400000| Untracked 
|  45|0x0000000706600000, 0x0000000706600000, 0x0000000706800000|  0%| F|  |TAMS 0x0000000706600000, 0x0000000706600000| Untracked 
|  46|0x0000000706800000, 0x0000000706800000, 0x0000000706a00000|  0%| F|  |TAMS 0x0000000706800000, 0x0000000706800000| Untracked 
|  47|0x0000000706a00000, 0x0000000706a00000, 0x0000000706c00000|  0%| F|  |TAMS 0x0000000706a00000, 0x0000000706a00000| Untracked 
|  48|0x0000000706c00000, 0x0000000706c00000, 0x0000000706e00000|  0%| F|  |TAMS 0x0000000706c00000, 0x0000000706c00000| Untracked 
|  49|0x0000000706e00000, 0x0000000706e00000, 0x0000000707000000|  0%| F|  |TAMS 0x0000000706e00000, 0x0000000706e00000| Untracked 
|  50|0x0000000707000000, 0x0000000707000000, 0x0000000707200000|  0%| F|  |TAMS 0x0000000707000000, 0x0000000707000000| Untracked 
|  51|0x0000000707200000, 0x0000000707200000, 0x0000000707400000|  0%| F|  |TAMS 0x0000000707200000, 0x0000000707200000| Untracked 
|  52|0x0000000707400000, 0x0000000707400000, 0x0000000707600000|  0%| F|  |TAMS 0x0000000707400000, 0x0000000707400000| Untracked 
|  53|0x0000000707600000, 0x0000000707600000, 0x0000000707800000|  0%| F|  |TAMS 0x0000000707600000, 0x0000000707600000| Untracked 
|  54|0x0000000707800000, 0x0000000707800000, 0x0000000707a00000|  0%| F|  |TAMS 0x0000000707800000, 0x0000000707800000| Untracked 
|  55|0x0000000707a00000, 0x0000000707a00000, 0x0000000707c00000|  0%| F|  |TAMS 0x0000000707a00000, 0x0000000707a00000| Untracked 
|  56|0x0000000707c00000, 0x0000000707c00000, 0x0000000707e00000|  0%| F|  |TAMS 0x0000000707c00000, 0x0000000707c00000| Untracked 
|  57|0x0000000707e00000, 0x0000000707e00000, 0x0000000708000000|  0%| F|  |TAMS 0x0000000707e00000, 0x0000000707e00000| Untracked 
|  58|0x0000000708000000, 0x0000000708000000, 0x0000000708200000|  0%| F|  |TAMS 0x0000000708000000, 0x0000000708000000| Untracked 
|  59|0x0000000708200000, 0x0000000708200000, 0x0000000708400000|  0%| F|  |TAMS 0x0000000708200000, 0x0000000708200000| Untracked 
|  60|0x0000000708400000, 0x0000000708400000, 0x0000000708600000|  0%| F|  |TAMS 0x0000000708400000, 0x0000000708400000| Untracked 
|  61|0x0000000708600000, 0x0000000708600000, 0x0000000708800000|  0%| F|  |TAMS 0x0000000708600000, 0x0000000708600000| Untracked 
|  62|0x0000000708800000, 0x0000000708800000, 0x0000000708a00000|  0%| F|  |TAMS 0x0000000708800000, 0x0000000708800000| Untracked 
|  63|0x0000000708a00000, 0x0000000708a00000, 0x0000000708c00000|  0%| F|  |TAMS 0x0000000708a00000, 0x0000000708a00000| Untracked 
|  64|0x0000000708c00000, 0x0000000708c00000, 0x0000000708e00000|  0%| F|  |TAMS 0x0000000708c00000, 0x0000000708c00000| Untracked 
|  65|0x0000000708e00000, 0x0000000708e00000, 0x0000000709000000|  0%| F|  |TAMS 0x0000000708e00000, 0x0000000708e00000| Untracked 
|  66|0x0000000709000000, 0x0000000709000000, 0x0000000709200000|  0%| F|  |TAMS 0x0000000709000000, 0x0000000709000000| Untracked 
|  67|0x0000000709200000, 0x0000000709200000, 0x0000000709400000|  0%| F|  |TAMS 0x0000000709200000, 0x0000000709200000| Untracked 
|  68|0x0000000709400000, 0x0000000709400000, 0x0000000709600000|  0%| F|  |TAMS 0x0000000709400000, 0x0000000709400000| Untracked 
|  69|0x0000000709600000, 0x0000000709600000, 0x0000000709800000|  0%| F|  |TAMS 0x0000000709600000, 0x0000000709600000| Untracked 
|  70|0x0000000709800000, 0x0000000709800000, 0x0000000709a00000|  0%| F|  |TAMS 0x0000000709800000, 0x0000000709800000| Untracked 
|  71|0x0000000709a00000, 0x0000000709a00000, 0x0000000709c00000|  0%| F|  |TAMS 0x0000000709a00000, 0x0000000709a00000| Untracked 
|  72|0x0000000709c00000, 0x0000000709c00000, 0x0000000709e00000|  0%| F|  |TAMS 0x0000000709c00000, 0x0000000709c00000| Untracked 
|  73|0x0000000709e00000, 0x0000000709e00000, 0x000000070a000000|  0%| F|  |TAMS 0x0000000709e00000, 0x0000000709e00000| Untracked 
|  74|0x000000070a000000, 0x000000070a000000, 0x000000070a200000|  0%| F|  |TAMS 0x000000070a000000, 0x000000070a000000| Untracked 
|  75|0x000000070a200000, 0x000000070a200000, 0x000000070a400000|  0%| F|  |TAMS 0x000000070a200000, 0x000000070a200000| Untracked 
|  76|0x000000070a400000, 0x000000070a400000, 0x000000070a600000|  0%| F|  |TAMS 0x000000070a400000, 0x000000070a400000| Untracked 
|  77|0x000000070a600000, 0x000000070a600000, 0x000000070a800000|  0%| F|  |TAMS 0x000000070a600000, 0x000000070a600000| Untracked 
|  78|0x000000070a800000, 0x000000070a800000, 0x000000070aa00000|  0%| F|  |TAMS 0x000000070a800000, 0x000000070a800000| Untracked 
|  79|0x000000070aa00000, 0x000000070aa00000, 0x000000070ac00000|  0%| F|  |TAMS 0x000000070aa00000, 0x000000070aa00000| Untracked 
|  80|0x000000070ac00000, 0x000000070ac00000, 0x000000070ae00000|  0%| F|  |TAMS 0x000000070ac00000, 0x000000070ac00000| Untracked 
|  81|0x000000070ae00000, 0x000000070ae00000, 0x000000070b000000|  0%| F|  |TAMS 0x000000070ae00000, 0x000000070ae00000| Untracked 
|  82|0x000000070b000000, 0x000000070b000000, 0x000000070b200000|  0%| F|  |TAMS 0x000000070b000000, 0x000000070b000000| Untracked 
|  83|0x000000070b200000, 0x000000070b200000, 0x000000070b400000|  0%| F|  |TAMS 0x000000070b200000, 0x000000070b200000| Untracked 
|  84|0x000000070b400000, 0x000000070b400000, 0x000000070b600000|  0%| F|  |TAMS 0x000000070b400000, 0x000000070b400000| Untracked 
|  85|0x000000070b600000, 0x000000070b600000, 0x000000070b800000|  0%| F|  |TAMS 0x000000070b600000, 0x000000070b600000| Untracked 
|  86|0x000000070b800000, 0x000000070b800000, 0x000000070ba00000|  0%| F|  |TAMS 0x000000070b800000, 0x000000070b800000| Untracked 
|  87|0x000000070ba00000, 0x000000070ba00000, 0x000000070bc00000|  0%| F|  |TAMS 0x000000070ba00000, 0x000000070ba00000| Untracked 
|  88|0x000000070bc00000, 0x000000070bc00000, 0x000000070be00000|  0%| F|  |TAMS 0x000000070bc00000, 0x000000070bc00000| Untracked 
|  89|0x000000070be00000, 0x000000070be00000, 0x000000070c000000|  0%| F|  |TAMS 0x000000070be00000, 0x000000070be00000| Untracked 
|  90|0x000000070c000000, 0x000000070c000000, 0x000000070c200000|  0%| F|  |TAMS 0x000000070c000000, 0x000000070c000000| Untracked 
|  91|0x000000070c200000, 0x000000070c200000, 0x000000070c400000|  0%| F|  |TAMS 0x000000070c200000, 0x000000070c200000| Untracked 
|  92|0x000000070c400000, 0x000000070c400000, 0x000000070c600000|  0%| F|  |TAMS 0x000000070c400000, 0x000000070c400000| Untracked 
|  93|0x000000070c600000, 0x000000070c600000, 0x000000070c800000|  0%| F|  |TAMS 0x000000070c600000, 0x000000070c600000| Untracked 
|  94|0x000000070c800000, 0x000000070c800000, 0x000000070ca00000|  0%| F|  |TAMS 0x000000070c800000, 0x000000070c800000| Untracked 
|  95|0x000000070ca00000, 0x000000070ca00000, 0x000000070cc00000|  0%| F|  |TAMS 0x000000070ca00000, 0x000000070ca00000| Untracked 
|  96|0x000000070cc00000, 0x000000070cc00000, 0x000000070ce00000|  0%| F|  |TAMS 0x000000070cc00000, 0x000000070cc00000| Untracked 
|  97|0x000000070ce00000, 0x000000070ce00000, 0x000000070d000000|  0%| F|  |TAMS 0x000000070ce00000, 0x000000070ce00000| Untracked 
|  98|0x000000070d000000, 0x000000070d000000, 0x000000070d200000|  0%| F|  |TAMS 0x000000070d000000, 0x000000070d000000| Untracked 
|  99|0x000000070d200000, 0x000000070d200000, 0x000000070d400000|  0%| F|  |TAMS 0x000000070d200000, 0x000000070d200000| Untracked 
| 100|0x000000070d400000, 0x000000070d400000, 0x000000070d600000|  0%| F|  |TAMS 0x000000070d400000, 0x000000070d400000| Untracked 
| 101|0x000000070d600000, 0x000000070d600000, 0x000000070d800000|  0%| F|  |TAMS 0x000000070d600000, 0x000000070d600000| Untracked 
| 102|0x000000070d800000, 0x000000070d800000, 0x000000070da00000|  0%| F|  |TAMS 0x000000070d800000, 0x000000070d800000| Untracked 
| 103|0x000000070da00000, 0x000000070da00000, 0x000000070dc00000|  0%| F|  |TAMS 0x000000070da00000, 0x000000070da00000| Untracked 
| 104|0x000000070dc00000, 0x000000070dc00000, 0x000000070de00000|  0%| F|  |TAMS 0x000000070dc00000, 0x000000070dc00000| Untracked 
| 105|0x000000070de00000, 0x000000070de00000, 0x000000070e000000|  0%| F|  |TAMS 0x000000070de00000, 0x000000070de00000| Untracked 
| 106|0x000000070e000000, 0x000000070e000000, 0x000000070e200000|  0%| F|  |TAMS 0x000000070e000000, 0x000000070e000000| Untracked 
| 107|0x000000070e200000, 0x000000070e200000, 0x000000070e400000|  0%| F|  |TAMS 0x000000070e200000, 0x000000070e200000| Untracked 
| 108|0x000000070e400000, 0x000000070e400000, 0x000000070e600000|  0%| F|  |TAMS 0x000000070e400000, 0x000000070e400000| Untracked 
| 109|0x000000070e600000, 0x000000070e600000, 0x000000070e800000|  0%| F|  |TAMS 0x000000070e600000, 0x000000070e600000| Untracked 
| 110|0x000000070e800000, 0x000000070e800000, 0x000000070ea00000|  0%| F|  |TAMS 0x000000070e800000, 0x000000070e800000| Untracked 
| 111|0x000000070ea00000, 0x000000070ea00000, 0x000000070ec00000|  0%| F|  |TAMS 0x000000070ea00000, 0x000000070ea00000| Untracked 
| 112|0x000000070ec00000, 0x000000070ec00000, 0x000000070ee00000|  0%| F|  |TAMS 0x000000070ec00000, 0x000000070ec00000| Untracked 
| 113|0x000000070ee00000, 0x000000070ee00000, 0x000000070f000000|  0%| F|  |TAMS 0x000000070ee00000, 0x000000070ee00000| Untracked 
| 114|0x000000070f000000, 0x000000070f000000, 0x000000070f200000|  0%| F|  |TAMS 0x000000070f000000, 0x000000070f000000| Untracked 
| 115|0x000000070f200000, 0x000000070f200000, 0x000000070f400000|  0%| F|  |TAMS 0x000000070f200000, 0x000000070f200000| Untracked 
| 116|0x000000070f400000, 0x000000070f400000, 0x000000070f600000|  0%| F|  |TAMS 0x000000070f400000, 0x000000070f400000| Untracked 
| 117|0x000000070f600000, 0x000000070f600000, 0x000000070f800000|  0%| F|  |TAMS 0x000000070f600000, 0x000000070f600000| Untracked 
| 118|0x000000070f800000, 0x000000070f800000, 0x000000070fa00000|  0%| F|  |TAMS 0x000000070f800000, 0x000000070f800000| Untracked 
| 119|0x000000070fa00000, 0x000000070fb51b28, 0x000000070fc00000| 65%| E|  |TAMS 0x000000070fa00000, 0x000000070fa00000| Complete 
| 120|0x000000070fc00000, 0x000000070fe00000, 0x000000070fe00000|100%| E|CS|TAMS 0x000000070fc00000, 0x000000070fc00000| Complete 
| 121|0x000000070fe00000, 0x0000000710000000, 0x0000000710000000|100%| E|  |TAMS 0x000000070fe00000, 0x000000070fe00000| Complete 
| 122|0x0000000710000000, 0x00000007100d4480, 0x0000000710200000| 41%| S|CS|TAMS 0x0000000710000000, 0x0000000710000000| Complete 
| 123|0x0000000710200000, 0x0000000710400000, 0x0000000710400000|100%| E|CS|TAMS 0x0000000710200000, 0x0000000710200000| Complete 
| 124|0x0000000710400000, 0x0000000710600000, 0x0000000710600000|100%| E|CS|TAMS 0x0000000710400000, 0x0000000710400000| Complete 
| 125|0x0000000710600000, 0x0000000710800000, 0x0000000710800000|100%| E|CS|TAMS 0x0000000710600000, 0x0000000710600000| Complete 
| 126|0x0000000710800000, 0x0000000710a00000, 0x0000000710a00000|100%| E|CS|TAMS 0x0000000710800000, 0x0000000710800000| Complete 
| 127|0x0000000710a00000, 0x0000000710c00000, 0x0000000710c00000|100%| E|CS|TAMS 0x0000000710a00000, 0x0000000710a00000| Complete 

Card table byte_map: [0x00000184f0940000,0x00000184f1140000] _byte_map_base: 0x00000184ed13a000

Marking Bits (Prev, Next): (CMBitMap*) 0x00000184d87f13a0, (CMBitMap*) 0x00000184d87f13e0
 Prev Bits: [0x00000184f1940000, 0x00000184f5910000)
 Next Bits: [0x00000184f5910000, 0x00000184f98e0000)

Polling page: 0x00000184d6910000

Metaspace:

Usage:
  Non-class:      8.33 MB used.
      Class:    514.28 KB used.
       Both:      8.83 MB used.

Virtual space:
  Non-class space:       16.00 MB reserved,       8.38 MB ( 52%) committed,  2 nodes.
      Class space:        1.00 GB reserved,     640.00 KB ( <1%) committed,  1 nodes.
              Both:        1.02 GB reserved,       9.00 MB ( <1%) committed. 

Chunk freelists:
   Non-Class:  1.62 MB
       Class:  3.36 MB
        Both:  4.98 MB

MaxMetaspaceSize: 17179869184.00 GB
CompressedClassSpaceSize: 1.00 GB
 - commit_granule_bytes: 65536.
 - commit_granule_words: 8192.
 - virtual_space_node_default_size: 1048576.
 - enlarge_chunks_in_place: 1.
 - new_chunks_are_fully_committed: 0.
 - uncommit_free_chunks: 1.
 - use_allocation_guard: 0.
 - handle_deallocations: 1.


Internal statistics:

num_allocs_failed_limit: 0.
num_arena_births: 42.
num_arena_deaths: 0.
num_vsnodes_births: 3.
num_vsnodes_deaths: 0.
num_space_committed: 142.
num_space_uncommitted: 0.
num_chunks_returned_to_freelist: 0.
num_chunks_taken_from_freelist: 276.
num_chunk_merges: 0.
num_chunk_splits: 235.
num_chunks_enlarged: 211.
num_purges: 0.

CodeHeap 'non-profiled nmethods': size=120000Kb used=425Kb max_used=425Kb free=119574Kb
 bounds [0x00000184e8c10000, 0x00000184e8e80000, 0x00000184f0140000]
CodeHeap 'profiled nmethods': size=120000Kb used=2049Kb max_used=2049Kb free=117950Kb
 bounds [0x00000184e16e0000, 0x00000184e1950000, 0x00000184e8c10000]
CodeHeap 'non-nmethods': size=5760Kb used=1844Kb max_used=1860Kb free=3915Kb
 bounds [0x00000184e1140000, 0x00000184e13b0000, 0x00000184e16e0000]
 total_blobs=2328 nmethods=1075 adapters=1166
 compilation: enabled
              stopped_count=0, restarted_count=0
 full_count=0

Compilation events (20 events):
Event: 1.370 Thread 0x00000184fbdd2720 1065       4       java.nio.ByteBuffer::position (8 bytes)
Event: 1.370 Thread 0x00000184fbdd2720 nmethod 1065 0x00000184e8c79190 code [0x00000184e8c79320, 0x00000184e8c79418]
Event: 1.373 Thread 0x00000184fbdd8720 1066  s    3       java.nio.channels.Channels$1::write (107 bytes)
Event: 1.373 Thread 0x00000184fbdd8720 nmethod 1066 0x00000184e18d9d10 code [0x00000184e18d9f40, 0x00000184e18da828]
Event: 1.373 Thread 0x00000184fbdd8720 1067   !   3       java.nio.channels.Channels::writeFully (60 bytes)
Event: 1.373 Thread 0x00000184fbdd8720 nmethod 1067 0x00000184e18daa90 code [0x00000184e18dad40, 0x00000184e18dbb88]
Event: 1.377 Thread 0x00000184fbdd8720 1068   !   3       sun.nio.ch.FileChannelImpl::write (266 bytes)
Event: 1.378 Thread 0x00000184fbdd8720 nmethod 1068 0x00000184e18dc110 code [0x00000184e18dc440, 0x00000184e18dd4a8]
Event: 1.379 Thread 0x00000184fbdd8720 1069   !   3       sun.nio.ch.IOUtil::write (174 bytes)
Event: 1.379 Thread 0x00000184fbdd8720 nmethod 1069 0x00000184e18ddc90 code [0x00000184e18ddf00, 0x00000184e18de808]
Event: 1.379 Thread 0x00000184fbdd8720 1070       3       java.nio.DirectByteBuffer::put (8 bytes)
Event: 1.379 Thread 0x00000184fbdd8720 nmethod 1070 0x00000184e18deb90 code [0x00000184e18ded40, 0x00000184e18dee88]
Event: 1.379 Thread 0x00000184fbdd8720 1071       3       sun.nio.ch.IOUtil::writeFromNativeBuffer (157 bytes)
Event: 1.379 Thread 0x00000184fbdd8720 nmethod 1071 0x00000184e18def10 code [0x00000184e18df160, 0x00000184e18dfb68]
Event: 1.379 Thread 0x00000184fbdd8720 1072       3       sun.nio.ch.FileDispatcherImpl::write (17 bytes)
Event: 1.379 Thread 0x00000184fbdd8720 nmethod 1072 0x00000184e18dfe10 code [0x00000184e18dffc0, 0x00000184e18e01a8]
Event: 1.379 Thread 0x00000184fbdd8720 1073       3       java.io.FileDescriptor$1::getAppend (5 bytes)
Event: 1.379 Thread 0x00000184fbdd8720 nmethod 1073 0x00000184e18e0310 code [0x00000184e18e04a0, 0x00000184e18e05b8]
Event: 1.424 Thread 0x00000184fbdd2720 1075       4       java.lang.String::replace (42 bytes)
Event: 1.432 Thread 0x00000184fbdd2720 nmethod 1075 0x00000184e8c79990 code [0x00000184e8c79b40, 0x00000184e8c7a1d8]

GC Heap History (4 events):
Event: 0.399 GC heap before
{Heap before GC invocations=0 (full 0):
 garbage-first heap   total 262144K, used 12288K [0x0000000700c00000, 0x0000000800000000)
  region size 2048K, 6 young (12288K), 0 survivors (0K)
 Metaspace       used 2412K, committed 2560K, reserved 1056768K
  class space    used 182K, committed 256K, reserved 1048576K
}
Event: 0.402 GC heap after
{Heap after GC invocations=1 (full 0):
 garbage-first heap   total 262144K, used 3153K [0x0000000700c00000, 0x0000000800000000)
  region size 2048K, 1 young (2048K), 1 survivors (2048K)
 Metaspace       used 2412K, committed 2560K, reserved 1056768K
  class space    used 182K, committed 256K, reserved 1048576K
}
Event: 1.049 GC heap before
{Heap before GC invocations=1 (full 0):
 garbage-first heap   total 262144K, used 13393K [0x0000000700c00000, 0x0000000800000000)
  region size 2048K, 6 young (12288K), 1 survivors (2048K)
 Metaspace       used 4991K, committed 5184K, reserved 1056768K
  class space    used 301K, committed 384K, reserved 1048576K
}
Event: 1.051 GC heap after
{Heap after GC invocations=2 (full 0):
 garbage-first heap   total 262144K, used 4086K [0x0000000700c00000, 0x0000000800000000)
  region size 2048K, 1 young (2048K), 1 survivors (2048K)
 Metaspace       used 4991K, committed 5184K, reserved 1056768K
  class space    used 301K, committed 384K, reserved 1048576K
}

Deoptimization events (20 events):
Event: 1.154 Thread 0x00000184d87a27f0 DEOPT PACKING pc=0x00000184e8c582b8 sp=0x0000000ad1bfd830
Event: 1.154 Thread 0x00000184d87a27f0 DEOPT UNPACKING pc=0x00000184e118d72e sp=0x0000000ad1bfd7c8 mode 2
Event: 1.156 Thread 0x00000184d87a27f0 DEOPT PACKING pc=0x00000184e8c52c08 sp=0x0000000ad1bfd690
Event: 1.156 Thread 0x00000184d87a27f0 DEOPT UNPACKING pc=0x00000184e118dece sp=0x0000000ad1bfca00 mode 1
Event: 1.156 Thread 0x00000184d87a27f0 DEOPT PACKING pc=0x00000184e1816d14 sp=0x0000000ad1bfd850
Event: 1.156 Thread 0x00000184d87a27f0 DEOPT UNPACKING pc=0x00000184e118dece sp=0x0000000ad1bfccb0 mode 1
Event: 1.156 Thread 0x00000184d87a27f0 DEOPT PACKING pc=0x00000184e17ee0ac sp=0x0000000ad1bfd8e0
Event: 1.156 Thread 0x00000184d87a27f0 DEOPT UNPACKING pc=0x00000184e118dece sp=0x0000000ad1bfce50 mode 1
Event: 1.317 Thread 0x00000184d87a27f0 DEOPT PACKING pc=0x00000184e8c52c08 sp=0x0000000ad1bfd1a0
Event: 1.317 Thread 0x00000184d87a27f0 DEOPT UNPACKING pc=0x00000184e118dece sp=0x0000000ad1bfc510 mode 1
Event: 1.317 Thread 0x00000184d87a27f0 DEOPT PACKING pc=0x00000184e8c71ca0 sp=0x0000000ad1bfd300
Event: 1.317 Thread 0x00000184d87a27f0 DEOPT UNPACKING pc=0x00000184e118dece sp=0x0000000ad1bfc670 mode 1
Event: 1.318 Thread 0x00000184d87a27f0 Uncommon trap: trap_request=0xffffff5c fr.pc=0x00000184e8c67efc relative=0x000000000000005c
Event: 1.318 Thread 0x00000184d87a27f0 Uncommon trap: reason=speculate_null_check action=make_not_entrant pc=0x00000184e8c67efc method=sun.misc.Unsafe.getLong(Ljava/lang/Object;J)J @ 5 c2
Event: 1.318 Thread 0x00000184d87a27f0 DEOPT PACKING pc=0x00000184e8c67efc sp=0x0000000ad1bfe700
Event: 1.318 Thread 0x00000184d87a27f0 DEOPT UNPACKING pc=0x00000184e118d72e sp=0x0000000ad1bfe688 mode 2
Event: 1.323 Thread 0x00000184d87a27f0 Uncommon trap: trap_request=0xffffff5c fr.pc=0x00000184e8c68204 relative=0x0000000000000064
Event: 1.323 Thread 0x00000184d87a27f0 Uncommon trap: reason=speculate_null_check action=make_not_entrant pc=0x00000184e8c68204 method=sun.misc.Unsafe.putLong(Ljava/lang/Object;JJ)V @ 7 c2
Event: 1.323 Thread 0x00000184d87a27f0 DEOPT PACKING pc=0x00000184e8c68204 sp=0x0000000ad1bfe5b0
Event: 1.323 Thread 0x00000184d87a27f0 DEOPT UNPACKING pc=0x00000184e118d72e sp=0x0000000ad1bfe538 mode 2

Classes unloaded (0 events):
No events

Classes redefined (0 events):
No events

Internal exceptions (20 events):
Event: 0.360 Thread 0x00000184d87a27f0 Exception <a 'java/lang/NoSuchMethodError'{0x000000071002c340}: 'java.lang.Object java.lang.invoke.DirectMethodHandle$Holder.invokeStatic(java.lang.Object)'> (0x000000071002c340) 
thrown [e:\jenkins\tmp\workspace\build\src\src\hotspot\share\interpreter\linkResolver.cpp, line 790]
Event: 0.361 Thread 0x00000184d87a27f0 Exception <a 'java/lang/NoSuchMethodError'{0x000000071002fa80}: 'java.lang.Object java.lang.invoke.DirectMethodHandle$Holder.invokeStaticInit(java.lang.Object)'> (0x000000071002fa80) 
thrown [e:\jenkins\tmp\workspace\build\src\src\hotspot\share\interpreter\linkResolver.cpp, line 790]
Event: 0.373 Thread 0x00000184d87a27f0 Exception <a 'java/lang/NoSuchMethodError'{0x00000007100d6468}: 'void java.lang.invoke.DirectMethodHandle$Holder.invokeStatic(java.lang.Object, java.lang.Object)'> (0x00000007100d6468) 
thrown [e:\jenkins\tmp\workspace\build\src\src\hotspot\share\interpreter\linkResolver.cpp, line 790]
Event: 0.373 Thread 0x00000184d87a27f0 Exception <a 'java/lang/NoSuchMethodError'{0x00000007100e4d60}: 'void java.lang.invoke.DirectMethodHandle$Holder.invokeSpecial(java.lang.Object, java.lang.Object, java.lang.Object)'> (0x00000007100e4d60) 
thrown [e:\jenkins\tmp\workspace\build\src\src\hotspot\share\interpreter\linkResolver.cpp, line 790]
Event: 0.376 Thread 0x00000184d87a27f0 Exception <a 'java/lang/NoSuchMethodError'{0x0000000710106bb8}: 'java.lang.Object java.lang.invoke.DirectMethodHandle$Holder.invokeStatic(java.lang.Object, java.lang.Object, int)'> (0x0000000710106bb8) 
thrown [e:\jenkins\tmp\workspace\build\src\src\hotspot\share\interpreter\linkResolver.cpp, line 790]
Event: 0.377 Thread 0x00000184d87a27f0 Exception <a 'java/lang/NoSuchMethodError'{0x0000000710112cd8}: 'void java.lang.invoke.DelegatingMethodHandle$Holder.delegate(java.lang.Object, java.lang.Object, int, java.lang.Object)'> (0x0000000710112cd8) 
thrown [e:\jenkins\tmp\workspace\build\src\src\hotspot\share\interpreter\linkResolver.cpp, line 790]
Event: 0.378 Thread 0x00000184d87a27f0 Exception <a 'java/lang/NoSuchMethodError'{0x0000000710116e28}: 'int java.lang.invoke.DirectMethodHandle$Holder.invokeSpecial(java.lang.Object, java.lang.Object, java.lang.Object)'> (0x0000000710116e28) 
thrown [e:\jenkins\tmp\workspace\build\src\src\hotspot\share\interpreter\linkResolver.cpp, line 790]
Event: 0.409 Thread 0x00000184d87a27f0 Exception <a 'sun/nio/fs/WindowsException'{0x0000000710a35bc0}> (0x0000000710a35bc0) 
thrown [e:\jenkins\tmp\workspace\build\src\src\hotspot\share\prims\jni.cpp, line 579]
Event: 0.410 Thread 0x00000184d87a27f0 Exception <a 'sun/nio/fs/WindowsException'{0x0000000710a382c8}> (0x0000000710a382c8) 
thrown [e:\jenkins\tmp\workspace\build\src\src\hotspot\share\prims\jni.cpp, line 579]
Event: 0.435 Thread 0x00000184d87a27f0 Exception <a 'sun/nio/fs/WindowsException'{0x0000000710ba8ae8}> (0x0000000710ba8ae8) 
thrown [e:\jenkins\tmp\workspace\build\src\src\hotspot\share\prims\jni.cpp, line 579]
Event: 0.435 Thread 0x00000184d87a27f0 Exception <a 'sun/nio/fs/WindowsException'{0x0000000710ba8e88}> (0x0000000710ba8e88) 
thrown [e:\jenkins\tmp\workspace\build\src\src\hotspot\share\prims\jni.cpp, line 579]
Event: 0.453 Thread 0x00000184d87a27f0 Exception <a 'sun/nio/fs/WindowsException'{0x000000071089b610}> (0x000000071089b610) 
thrown [e:\jenkins\tmp\workspace\build\src\src\hotspot\share\prims\jni.cpp, line 579]
Event: 0.453 Thread 0x00000184d87a27f0 Exception <a 'sun/nio/fs/WindowsException'{0x000000071089b980}> (0x000000071089b980) 
thrown [e:\jenkins\tmp\workspace\build\src\src\hotspot\share\prims\jni.cpp, line 579]
Event: 0.519 Thread 0x00000184d87a27f0 Exception <a 'sun/nio/fs/WindowsException'{0x00000007109539f0}> (0x00000007109539f0) 
thrown [e:\jenkins\tmp\workspace\build\src\src\hotspot\share\prims\jni.cpp, line 579]
Event: 0.519 Thread 0x00000184d87a27f0 Exception <a 'sun/nio/fs/WindowsException'{0x0000000710953d78}> (0x0000000710953d78) 
thrown [e:\jenkins\tmp\workspace\build\src\src\hotspot\share\prims\jni.cpp, line 579]
Event: 0.970 Thread 0x00000184d87a27f0 Exception <a 'sun/nio/fs/WindowsException'{0x0000000710406b20}> (0x0000000710406b20) 
thrown [e:\jenkins\tmp\workspace\build\src\src\hotspot\share\prims\jni.cpp, line 579]
Event: 0.970 Thread 0x00000184d87a27f0 Exception <a 'sun/nio/fs/WindowsException'{0x0000000710406ed0}> (0x0000000710406ed0) 
thrown [e:\jenkins\tmp\workspace\build\src\src\hotspot\share\prims\jni.cpp, line 579]
Event: 0.973 Thread 0x00000184d87a27f0 Exception <a 'sun/nio/fs/WindowsException'{0x0000000710416608}> (0x0000000710416608) 
thrown [e:\jenkins\tmp\workspace\build\src\src\hotspot\share\prims\jni.cpp, line 579]
Event: 0.973 Thread 0x00000184d87a27f0 Exception <a 'sun/nio/fs/WindowsException'{0x00000007104168f0}> (0x00000007104168f0) 
thrown [e:\jenkins\tmp\workspace\build\src\src\hotspot\share\prims\jni.cpp, line 579]
Event: 1.358 Thread 0x00000184d87a27f0 Exception <a 'sun/nio/fs/WindowsException'{0x000000070fa9deb8}> (0x000000070fa9deb8) 
thrown [e:\jenkins\tmp\workspace\build\src\src\hotspot\share\prims\jni.cpp, line 579]

Events (20 events):
Event: 1.425 loading class imgui/ImDrawData
Event: 1.425 loading class imgui/ImDrawData done
Event: 1.425 loading class imgui/ImFont
Event: 1.425 loading class imgui/ImFont done
Event: 1.425 loading class imgui/ImFontGlyph
Event: 1.425 loading class imgui/ImFontGlyph done
Event: 1.426 loading class imgui/ImGuiStyle
Event: 1.426 loading class imgui/ImGuiStyle done
Event: 1.426 loading class imgui/ImGuiPlatformIO
Event: 1.426 loading class imgui/ImGuiPlatformIO done
Event: 1.426 loading class imgui/ImGuiPlatformMonitor
Event: 1.426 loading class imgui/ImGuiPlatformMonitor done
Event: 1.427 loading class imgui/callback/ImListClipperCallback
Event: 1.427 loading class imgui/callback/ImListClipperCallback done
Event: 1.428 loading class imgui/callback/ImPlatformFuncViewportSuppFloat
Event: 1.428 loading class imgui/callback/ImPlatformFuncViewportSuppFloat done
Event: 1.429 loading class imgui/type/ImString$InputData
Event: 1.429 loading class imgui/type/ImString$InputData done
Event: 1.429 loading class imgui/type/ImString
Event: 1.429 loading class imgui/type/ImString done


Dynamic libraries:
0x00007ff6ebd30000 - 0x00007ff6ebd3e000 	P:\_SDKs\Java\16\jdk-19.0.1.9-hotspot\bin\java.exe
0x00007ffc52f30000 - 0x00007ffc53125000 	C:\Windows\SYSTEM32\ntdll.dll
0x00007ffc52bb0000 - 0x00007ffc52c6e000 	C:\Windows\System32\KERNEL32.DLL
0x00007ffc50bd0000 - 0x00007ffc50e99000 	C:\Windows\System32\KERNELBASE.dll
0x00007ffc50850000 - 0x00007ffc50950000 	C:\Windows\System32\ucrtbase.dll
0x00007ffc3e7d0000 - 0x00007ffc3e7e8000 	P:\_SDKs\Java\16\jdk-19.0.1.9-hotspot\bin\jli.dll
0x00007ffc3a980000 - 0x00007ffc3a999000 	P:\_SDKs\Java\16\jdk-19.0.1.9-hotspot\bin\VCRUNTIME140.dll
0x00007ffc52a00000 - 0x00007ffc52ba1000 	C:\Windows\System32\USER32.dll
0x00007ffc509a0000 - 0x00007ffc509c2000 	C:\Windows\System32\win32u.dll
0x00007ffc3b5c0000 - 0x00007ffc3b85a000 	C:\Windows\WinSxS\amd64_microsoft.windows.common-controls_6595b64144ccf1df_6.0.19041.1110_none_60b5254171f9507e\COMCTL32.dll
0x00007ffc52900000 - 0x00007ffc5292b000 	C:\Windows\System32\GDI32.dll
0x00007ffc51140000 - 0x00007ffc511de000 	C:\Windows\System32\msvcrt.dll
0x00007ffc506e0000 - 0x00007ffc507eb000 	C:\Windows\System32\gdi32full.dll
0x00007ffc509d0000 - 0x00007ffc50a6d000 	C:\Windows\System32\msvcp_win.dll
0x00007ffc52840000 - 0x00007ffc52870000 	C:\Windows\System32\IMM32.DLL
0x00007ffc3e7b0000 - 0x00007ffc3e7bc000 	P:\_SDKs\Java\16\jdk-19.0.1.9-hotspot\bin\vcruntime140_1.dll
0x00007ffc28320000 - 0x00007ffc283b1000 	P:\_SDKs\Java\16\jdk-19.0.1.9-hotspot\bin\msvcp140.dll
0x00007ffbdeaa0000 - 0x00007ffbdf6d8000 	P:\_SDKs\Java\16\jdk-19.0.1.9-hotspot\bin\server\jvm.dll
0x00007ffc50f80000 - 0x00007ffc5102c000 	C:\Windows\System32\ADVAPI32.dll
0x00007ffc51e60000 - 0x00007ffc51efb000 	C:\Windows\System32\sechost.dll
0x00007ffc52d30000 - 0x00007ffc52e5a000 	C:\Windows\System32\RPCRT4.dll
0x00007ffc52880000 - 0x00007ffc52888000 	C:\Windows\System32\PSAPI.DLL
0x00007ffc4ba20000 - 0x00007ffc4ba29000 	C:\Windows\SYSTEM32\WSOCK32.dll
0x00007ffc46cb0000 - 0x00007ffc46cd7000 	C:\Windows\SYSTEM32\WINMM.dll
0x00007ffc518e0000 - 0x00007ffc5194b000 	C:\Windows\System32\WS2_32.dll
0x00007ffc4a010000 - 0x00007ffc4a01a000 	C:\Windows\SYSTEM32\VERSION.dll
0x00007ffc4e450000 - 0x00007ffc4e462000 	C:\Windows\SYSTEM32\kernel.appcore.dll
0x00007ffc3e550000 - 0x00007ffc3e55a000 	P:\_SDKs\Java\16\jdk-19.0.1.9-hotspot\bin\jimage.dll
0x00007ffc3df50000 - 0x00007ffc3e134000 	C:\Windows\SYSTEM32\DBGHELP.DLL
0x00007ffc385b0000 - 0x00007ffc385dc000 	C:\Windows\SYSTEM32\dbgcore.DLL
0x00007ffc50650000 - 0x00007ffc506d3000 	C:\Windows\System32\bcryptPrimitives.dll
0x00007ffc289e0000 - 0x00007ffc28a1b000 	P:\_SDKs\Java\16\jdk-19.0.1.9-hotspot\bin\jdwp.dll
0x00007ffc3b4b0000 - 0x00007ffc3b4be000 	P:\_SDKs\Java\16\jdk-19.0.1.9-hotspot\bin\instrument.dll
0x00007ffc3a550000 - 0x00007ffc3a575000 	P:\_SDKs\Java\16\jdk-19.0.1.9-hotspot\bin\java.dll
0x00007ffc52100000 - 0x00007ffc5283f000 	C:\Windows\System32\SHELL32.dll
0x00007ffc4e730000 - 0x00007ffc4eec0000 	C:\Windows\SYSTEM32\windows.storage.dll
0x00007ffc51950000 - 0x00007ffc51ca5000 	C:\Windows\System32\combase.dll
0x00007ffc4ffc0000 - 0x00007ffc4ffec000 	C:\Windows\SYSTEM32\Wldp.dll
0x00007ffc52030000 - 0x00007ffc520dd000 	C:\Windows\System32\SHCORE.dll
0x00007ffc52890000 - 0x00007ffc528e5000 	C:\Windows\System32\shlwapi.dll
0x00007ffc50590000 - 0x00007ffc505af000 	C:\Windows\SYSTEM32\profapi.dll
0x00007ffc3afb0000 - 0x00007ffc3afbc000 	P:\_SDKs\Java\16\jdk-19.0.1.9-hotspot\bin\dt_socket.dll
0x00007ffc4fa60000 - 0x00007ffc4fa9b000 	C:\Windows\SYSTEM32\IPHLPAPI.DLL
0x00007ffc4fda0000 - 0x00007ffc4fe0a000 	C:\Windows\system32\mswsock.dll
0x00007ffc3a650000 - 0x00007ffc3a668000 	P:\_SDKs\Java\16\jdk-19.0.1.9-hotspot\bin\zip.dll
0x00007ffc38470000 - 0x00007ffc38489000 	P:\_SDKs\Java\16\jdk-19.0.1.9-hotspot\bin\net.dll
0x00007ffc4a530000 - 0x00007ffc4a638000 	C:\Windows\SYSTEM32\WINHTTP.dll
0x00007ffc2cd50000 - 0x00007ffc2cd63000 	P:\_SDKs\Java\16\jdk-19.0.1.9-hotspot\bin\nio.dll
0x000000006e700000 - 0x000000006e72a000 	C:\Users\dpete\AppData\Local\Temp\libgdxdpete\e1cd32f8\gdx64.dll
0x00007ffc282b0000 - 0x00007ffc28314000 	C:\Users\dpete\AppData\Local\Temp\lwjgldpete\3.2.3-build-13\lwjgl.dll
0x00007ffbe9440000 - 0x00007ffbe9693000 	C:\Users\dpete\AppData\Local\Temp\lwjgldpete\3.2.3-build-13\jemalloc.dll
0x00007ffc28240000 - 0x00007ffc282a2000 	C:\Users\dpete\AppData\Local\Temp\lwjgldpete\3.2.3-build-13\glfw.dll
0x00007ffc4df60000 - 0x00007ffc4dffe000 	C:\Windows\system32\uxtheme.dll
0x00007ffc23210000 - 0x00007ffc23255000 	C:\Windows\SYSTEM32\dinput8.dll
0x00007ffc28540000 - 0x00007ffc28551000 	C:\Windows\SYSTEM32\xinput1_4.dll
0x00007ffc50950000 - 0x00007ffc5099e000 	C:\Windows\System32\cfgmgr32.dll
0x00007ffc503f0000 - 0x00007ffc50424000 	C:\Windows\SYSTEM32\DEVOBJ.dll
0x00007ffc4e420000 - 0x00007ffc4e44f000 	C:\Windows\SYSTEM32\dwmapi.dll
0x00007ffc43c50000 - 0x00007ffc43da2000 	C:\Windows\SYSTEM32\inputhost.dll
0x00007ffc52930000 - 0x00007ffc529fd000 	C:\Windows\System32\OLEAUT32.dll
0x00007ffc4dc30000 - 0x00007ffc4dd22000 	C:\Windows\SYSTEM32\CoreMessaging.dll
0x00007ffc4d200000 - 0x00007ffc4d354000 	C:\Windows\SYSTEM32\wintypes.dll
0x00007ffc4be10000 - 0x00007ffc4bf06000 	C:\Windows\SYSTEM32\PROPSYS.dll
0x00007ffc4d8d0000 - 0x00007ffc4dc2e000 	C:\Windows\SYSTEM32\CoreUIComponents.dll
0x00007ffc4f300000 - 0x00007ffc4f333000 	C:\Windows\SYSTEM32\ntmarta.dll
0x00007ffc51260000 - 0x00007ffc51375000 	C:\Windows\System32\MSCTF.dll
0x00007ffc4eec0000 - 0x00007ffc4eecd000 	C:\Windows\SYSTEM32\HID.DLL
0x00007ffc51460000 - 0x00007ffc518d2000 	C:\Windows\System32\SETUPAPI.DLL
0x00007ffc50ea0000 - 0x00007ffc50ec7000 	C:\Windows\System32\bcrypt.dll
0x00007ffc507f0000 - 0x00007ffc50850000 	C:\Windows\System32\WINTRUST.dll
0x00007ffc50a70000 - 0x00007ffc50bc6000 	C:\Windows\System32\CRYPT32.dll
0x00007ffc50230000 - 0x00007ffc50242000 	C:\Windows\SYSTEM32\MSASN1.dll
0x00007ffbfbfc0000 - 0x00007ffbfc0cb000 	C:\Users\dpete\AppData\Local\Temp\lwjgldpete\3.2.3-build-13\OpenAL.dll
0x00007ffc51f00000 - 0x00007ffc5202a000 	C:\Windows\System32\ole32.dll
0x00007ffc51030000 - 0x00007ffc510d9000 	C:\Windows\System32\clbcatq.dll
0x00007ffc49440000 - 0x00007ffc494c5000 	C:\Windows\System32\MMDevApi.dll
0x00007ffc49540000 - 0x00007ffc496c1000 	C:\Windows\SYSTEM32\AUDIOSES.DLL
0x00007ffc4fb80000 - 0x00007ffc4fbcb000 	C:\Windows\SYSTEM32\powrprof.dll
0x00007ffc4fa40000 - 0x00007ffc4fa52000 	C:\Windows\SYSTEM32\UMPDC.dll
0x00007ffc4e130000 - 0x00007ffc4e144000 	C:\Windows\SYSTEM32\resourcepolicyclient.dll
0x00007ffc0cdc0000 - 0x00007ffc0cee5000 	C:\Windows\SYSTEM32\opengl32.dll
0x00007ffc3bec0000 - 0x00007ffc3beec000 	C:\Windows\SYSTEM32\GLU32.dll
0x00007ffc4b220000 - 0x00007ffc4b319000 	C:\Windows\System32\AppXDeploymentClient.dll
0x00007ffbd2f00000 - 0x00007ffbd5ebf000 	C:\Windows\System32\DriverStore\FileRepository\nv_dispi.inf_amd64_5292bbfbf575e2d2\nvoglv64.dll
0x00007ffc4bf70000 - 0x00007ffc4bf84000 	C:\Windows\SYSTEM32\WTSAPI32.dll
0x00007ffc4ff30000 - 0x00007ffc4ff3c000 	C:\Windows\SYSTEM32\CRYPTBASE.DLL
0x00007ffc49fd0000 - 0x00007ffc4a001000 	C:\Windows\SYSTEM32\cryptnet.dll
0x00007ffc47540000 - 0x00007ffc4768a000 	C:\Windows\SYSTEM32\drvstore.dll
0x00007ffc4bae0000 - 0x00007ffc4bb1b000 	C:\Windows\SYSTEM32\dxcore.dll
0x00007ffbfd980000 - 0x00007ffbfdc43000 	C:\Windows\system32\nvspcap64.dll
0x00007ffc4f370000 - 0x00007ffc4f3ca000 	C:\Windows\SYSTEM32\WINSTA.dll
0x00007ffc20560000 - 0x00007ffc205b9000 	C:\Users\dpete\AppData\Local\Temp\lwjgldpete\3.2.3-build-13\lwjgl_opengl.dll
0x00007ffc440c0000 - 0x00007ffc441b9000 	C:\Windows\SYSTEM32\textinputframework.dll
0x0000000064a00000 - 0x0000000065729000 	C:\Users\dpete\AppData\Local\Temp\imgui-java-natives_1635869578103\imgui-java64.dll

dbghelp: loaded successfully - version: 4.0.5 - missing functions: none
symbol engine: initialized successfully - sym options: 0x614 - pdb path: .;P:\_SDKs\Java\16\jdk-19.0.1.9-hotspot\bin;C:\Windows\SYSTEM32;C:\Windows\WinSxS\amd64_microsoft.windows.common-controls_6595b64144ccf1df_6.0.19041.1110_none_60b5254171f9507e;P:\_SDKs\Java\16\jdk-19.0.1.9-hotspot\bin\server;C:\Users\dpete\AppData\Local\Temp\libgdxdpete\e1cd32f8;C:\Users\dpete\AppData\Local\Temp\lwjgldpete\3.2.3-build-13;C:\Windows\System32\DriverStore\FileRepository\nv_dispi.inf_amd64_5292bbfbf575e2d2;C:\Users\dpete\AppData\Local\Temp\imgui-java-natives_1635869578103

VM Arguments:
jvm_args: -agentlib:jdwp=transport=dt_socket,address=127.0.0.1:55376,suspend=y,server=n -javaagent:C:\Users\dpete\.gradle\caches\modules-2\files-2.1\org.jetbrains.kotlinx\kotlinx-coroutines-core-jvm\1.5.2\f4cc07a50437659e0043e7da762809a46932b6a0\kotlinx-coroutines-core-jvm-1.5.2.jar -javaagent:C:\Users\dpete\AppData\Local\JetBrains\IntelliJIdea2021.1\captureAgent\debugger-agent.jar -Dfile.encoding=UTF-8 
java_command: MainKt
java_class_path (initial): P:\_Projects\Apophis\build\classes\kotlin\main;P:\_Projects\Apophis\build\resources\main;C:\Users\dpete\.gradle\caches\modules-2\files-2.1\io.github.libktx\ktx-app\1.10.0-b4\1c160a007c4e0d3de09d1294eb71b53450c84ed3\ktx-app-1.10.0-b4.jar;C:\Users\dpete\.gradle\caches\modules-2\files-2.1\com.google.guava\guava\21.0\3a3d111be1be1b745edfa7d91678a12d7ed38709\guava-21.0.jar;C:\Users\dpete\.gradle\caches\modules-2\files-2.1\org.jetbrains.kotlin\kotlin-stdlib-jdk8\1.5.31\ff5d99aecd328872494e8921b72bf6e3af97af3e\kotlin-stdlib-jdk8-1.5.31.jar;C:\Users\dpete\.gradle\caches\modules-2\files-2.1\io.github.spair\imgui-java-binding\1.84.1.3\e6828b608b524bd4078d6d11e07119e6daff44b0\imgui-java-binding-1.84.1.3.jar;C:\Users\dpete\.gradle\caches\modules-2\files-2.1\io.github.spair\imgui-java-lwjgl3\1.84.1.3\25274d30db97c52a5c31dde1f668c728a67e558f\imgui-java-lwjgl3-1.84.1.3.jar;C:\Users\dpete\.gradle\caches\modules-2\files-2.1\io.github.spair\imgui-java-natives-linux\1.84.1.3\836084070063e5fdcc1bbf232cf5961ae58642b4\imgui-java-natives-linux-1.84.1.3.jar;C:\Users\dpete\.gradle\caches\modules-2\files-2.1\io.github.spair\imgui-java-natives-macos\1.84.1.3\4ab8884e9089b516072118cf0e47e2250e695ad1\imgui-java-natives-macos-1.84.1.3.jar;C:\Users\dpete\.gradle\caches\modules-2\files-2.1\io.github.spair\imgui-java-natives-windows\1.84.1.3\5ffe2df91eede3936108becde5781ef78fbdc18e\imgui-java-natives-windows-1.84.1.3.jar;C:\Users\dpete\.gradle\caches\modules-2\files-2.1\kotlin.graphics\glm\0.9.9.1-3+27\85aefe776f37122643336a7eb8e600fa599773\glm-0.9.9.1-3+27-jdk8.jar;C:\Users\dpete\.gradle\caches\modules-2\files-2.1\com.badlogicgames.gdx\gdx-tools\1.10.0\d699cf4953fb42a071c7c3feb9b5c45601aa6a4b\gdx-tools-1.10.0.jar;C:\Users\dpete\.gradle\caches\modules-2\files-2.1\com.badlogicgames.gdx\gdx-platform\1.10.0\9a8fa793d2fd6d360afc6c9e4c1f5583da263b88\gdx-platform-1.10.0-natives-desktop.jar;C:\Users\dpete\.gradle\caches\modules-2\files-2.1\com.badlogicgames.gdx\gdx-backend-lwj
Launcher Type: SUN_STANDARD

[Global flags]
     intx CICompilerCount                          = 3                                         {product} {ergonomic}
     uint ConcGCThreads                            = 1                                         {product} {ergonomic}
     uint G1ConcRefinementThreads                  = 4                                         {product} {ergonomic}
   size_t G1HeapRegionSize                         = 2097152                                   {product} {ergonomic}
    uintx GCDrainStackTargetSize                   = 64                                        {product} {ergonomic}
   size_t InitialHeapSize                          = 268435456                                 {product} {ergonomic}
   size_t MarkStackSize                            = 4194304                                   {product} {ergonomic}
   size_t MaxHeapSize                              = 4282384384                                {product} {ergonomic}
   size_t MaxNewSize                               = 2569011200                                {product} {ergonomic}
   size_t MinHeapDeltaBytes                        = 2097152                                   {product} {ergonomic}
   size_t MinHeapSize                              = 8388608                                   {product} {ergonomic}
    uintx NonNMethodCodeHeapSize                   = 5832780                                {pd product} {ergonomic}
    uintx NonProfiledCodeHeapSize                  = 122912730                              {pd product} {ergonomic}
    uintx ProfiledCodeHeapSize                     = 122912730                              {pd product} {ergonomic}
    uintx ReservedCodeCacheSize                    = 251658240                              {pd product} {ergonomic}
     bool SegmentedCodeCache                       = true                                      {product} {ergonomic}
   size_t SoftMaxHeapSize                          = 4282384384                             {manageable} {ergonomic}
     bool UseCompressedClassPointers               = true                           {product lp64_product} {ergonomic}
     bool UseCompressedOops                        = true                           {product lp64_product} {ergonomic}
     bool UseG1GC                                  = true                                      {product} {ergonomic}
     bool UseLargePagesIndividualAllocation        = false                                  {pd product} {ergonomic}

Logging:
Log output configuration:
 #0: stdout all=warning uptime,level,tags
 #1: stderr all=off uptime,level,tags

Environment Variables:
JAVA_HOME=P:\_SDKs\Java\16\jdk-19.0.1.9-hotspot\
PATH=C:\Program Files\Python39\Scripts\;C:\Program Files\Python39\;P:\_SDKs\Java\16\jdk-19.0.1.9-hotspot\bin;C:\Windows\system32;C:\Windows;C:\Windows\System32\Wbem;C:\Windows\System32\WindowsPowerShell\v1.0\;C:\Windows\System32\OpenSSH\;C:\Program Files\Git\cmd;C:\Program Files (x86)\NVIDIA Corporation\PhysX\Common;C:\Program Files\NVIDIA Corporation\NVIDIA NvDLISR;C:\Program Files\dotnet\;C:\Program Files\Microsoft SQL Server\130\Tools\Binn\;C:\Program Files\Microsoft SQL Server\Client SDK\ODBC\170\Tools\Binn\;C:\Program Files\FileBot\;C:\Program Files\MiKTeX\miktex\bin\x64\;C:\Program Files\Docker\Docker\resources\bin;C:\ProgramData\DockerDesktop\version-bin;P:\_SDKs\Perl\Strawberry\c\bin;P:\_SDKs\Perl\Strawberry\perl\site\bin;P:\_SDKs\Perl\Strawberry\perl\bin;P:\_SDKs\NodeJs\nvm;C:\Program Files\nodejs;C:\Program Files\PuTTY\;D:\_Programs\aria2\aria2-1.36.0-win-64bit-build1;D:\_Programs\ffmpeg\ffmpeg-N-104381-gab79263419-win64-gpl;C:\Program Files\PowerShell\7\;P:\_SDKs\ffmpeg\ffmpeg-4.3.1-2021-01-01-essentials_build\bin;C:\Users\dpete\AppData\Local\activestate\cache\bin;C:\Users\dpete\AppData\Local\ActiveState\StateTool\release;C:\Users\dpete\AppData\Local\Microsoft\WindowsApps;C:\Users\dpete\.dotnet\tools;C:\Users\dpete\AppData\Local\Programs\Microsoft VS Code\bin;C:\Users\dpete\AppData\Local\gitkraken\bin;P:\_Programs\hugo\hugo_extended_0.85.0_Windows-64bit;C:\Users\dpete\.dotnet\tools;C:\Users\dpete\.deno\bin;P:\_SDKs\NodeJs\nvm;C:\Program Files\nodejs;C:\Users\dpete\AppData\Local\Programs\oh-my-posh\bin;C:\Users\dpete\AppData\Local\Programs\oh-my-posh\themes;\Users\dpete\.bin;C:\Users\dpete\.dotnet\tools
USERNAME=dpete
OS=Windows_NT
PROCESSOR_IDENTIFIER=Intel64 Family 6 Model 94 Stepping 3, GenuineIntel



---------------  S Y S T E M  ---------------

OS:
 Windows 10 , 64 bit Build 19041 (10.0.19041.1202)
OS uptime: 6 days 7:02 hours
Hyper-V role detected

CPU: total 4 (initial active 4) (4 cores per cpu, 1 threads per core) family 6 model 94 stepping 3 microcode 0xcc, cx8, cmov, fxsr, mmx, 3dnowpref, sse, sse2, sse3, ssse3, sse4.1, sse4.2, popcnt, lzcnt, tsc, tscinvbit, avx, avx2, aes, erms, clmul, bmi1, bmi2, rtm, adx, fma, vzeroupper, clflush, clflushopt, hv

Memory: 4k page, system-wide physical 16331M (3421M free)
TotalPageFile size 48075M (AvailPageFile size 26751M)
current process WorkingSet (physical memory assigned to process): 122M, peak: 122M
current process commit charge ("private bytes"): 430M, peak: 430M

vm_info: OpenJDK 64-Bit Server VM (16.0.1+9) for windows-amd64 JRE (16.0.1+9), built on Apr 21 2021 12:30:27 by "" with MS VC++ 16.7 (VS2019)

END.
