#
# A fatal error has been detected by the Java Runtime Environment:
#
#  EXCEPTION_ACCESS_VIOLATION (0xc0000005) at pc=0x0000000064a4685d, pid=24740, tid=36736
#
# JRE version: OpenJDK Runtime Environment AdoptOpenJDK-16.0.1+9 (16.0.1+9) (build 16.0.1+9)
# Java VM: OpenJDK 64-Bit Server VM AdoptOpenJDK-16.0.1+9 (16.0.1+9, mixed mode, sharing, tiered, compressed oops, compressed class ptrs, g1 gc, windows-amd64)
# Problematic frame:
# C  [imgui-java64.dll+0x4685d]
#
# No core dump will be written. Minidumps are not enabled by default on client versions of Windows
#
# If you would like to submit a bug report, please visit:
#   https://github.com/AdoptOpenJDK/openjdk-support/issues
# The crash happened outside the Java Virtual Machine in native code.
# See problematic frame for where to report the bug.
#

---------------  S U M M A R Y ------------

Command Line: -agentlib:jdwp=transport=dt_socket,address=127.0.0.1:49350,suspend=y,server=n -javaagent:C:\Users\dpete\.gradle\caches\modules-2\files-2.1\org.jetbrains.kotlinx\kotlinx-coroutines-core-jvm\1.5.2\f4cc07a50437659e0043e7da762809a46932b6a0\kotlinx-coroutines-core-jvm-1.5.2.jar -javaagent:C:\Users\dpete\AppData\Local\JetBrains\IntelliJIdea2021.1\captureAgent\debugger-agent.jar -Dfile.encoding=UTF-8 MainKt

Host: Intel(R) Core(TM) i5-6600K CPU @ 3.50GHz, 4 cores, 15G,  Windows 10 , 64 bit Build 19041 (10.0.19041.1202)
Time: Tue Nov  2 23:36:10 2021 Central Europe Standard Time elapsed time: 457.253474 seconds (0d 0h 7m 37s)

---------------  T H R E A D  ---------------

Current thread (0x000001dd71541e50):  JavaThread "main" [_thread_in_native, id=36736, stack(0x0000001ab5500000,0x0000001ab5600000)]

Stack: [0x0000001ab5500000,0x0000001ab5600000],  sp=0x0000001ab55fee20,  free space=1019k
Native frames: (J=compiled Java code, j=interpreted, Vv=VM code, C=native code)
C  [imgui-java64.dll+0x4685d]

Java frames: (J=compiled Java code, j=interpreted, Vv=VM code)
j  imgui.ImGui.destroyPlatformWindows()V+0
j  imgui.gl3.ImGuiImplGl3.shutdownPlatformInterface()V+0
j  imgui.gl3.ImGuiImplGl3.dispose()V+51
j  engine.ImGuiLayer.dispose()V+4
j  engine.modules.ModuleManager.Dispose()V+29
j  engine.editor.EditorCore.dispose()V+7
j  com.badlogic.gdx.backends.lwjgl3.Lwjgl3Window.dispose()V+13
j  com.badlogic.gdx.backends.lwjgl3.Lwjgl3Application.loop()V+408
j  com.badlogic.gdx.backends.lwjgl3.Lwjgl3Application.<init>(Lcom/badlogic/gdx/ApplicationListener;Lcom/badlogic/gdx/backends/lwjgl3/Lwjgl3ApplicationConfiguration;)V+243
j  engine.Engine.Run()V+20
j  MainKt.main()V+12
j  MainKt.main([Ljava/lang/String;)V+0
v  ~StubRoutines::call_stub

siginfo: EXCEPTION_ACCESS_VIOLATION (0xc0000005), reading address 0x0000000000001f10


Register to memory mapping:

RIP=0x0000000064a4685d imgui-java64.dll
RAX=0x0000000064a80480 imgui-java64.dll
RBX={method} {0x000001dd1e2454b0} 'destroyPlatformWindows' '()V' in 'imgui/ImGui'
RCX=0x000001dd71542160 points into unknown readable memory: 0x000001dd1dc40000 | 00 00 c4 1d dd 01 00 00
RDX=0x0000001ab55feee0 is pointing into the stack for thread: 0x000001dd71541e50
RSP=0x0000001ab55fee20 is pointing into the stack for thread: 0x000001dd71541e50
RBP=0x0000001ab55feed0 is pointing into the stack for thread: 0x000001dd71541e50
RSI=0x0 is NULL
RDI=0x0000000000000168 is an unknown value
R8 =0x0000000000010000 is an unknown value
R9 =0x00007ffbd2f00000 nvoglv64.dll
R10=0x000001dd00011da3 is at code_begin+1955 in an Interpreter codelet
method entry point (kind = native)  [0x000001dd00011600, 0x000001dd00012780]  4480 bytes
R11=0x000000070e82a800 is an oop: java.lang.Class 
{0x000000070e82a800} - klass: 'java/lang/Class'
R12=0x0 is NULL
R13={method} {0x000001dd1e2454b0} 'destroyPlatformWindows' '()V' in 'imgui/ImGui'
R14=0x0000001ab55feee8 is pointing into the stack for thread: 0x000001dd71541e50
R15=0x000001dd71541e50 is a thread


Registers:
RAX=0x0000000064a80480, RBX=0x000001dd1e2454a8, RCX=0x000001dd71542160, RDX=0x0000001ab55feee0
RSP=0x0000001ab55fee20, RBP=0x0000001ab55feed0, RSI=0x0000000000000000, RDI=0x0000000000000168
R8 =0x0000000000010000, R9 =0x00007ffbd2f00000, R10=0x000001dd00011da3, R11=0x000000070e82a800
R12=0x0000000000000000, R13=0x000001dd1e2454a8, R14=0x0000001ab55feee8, R15=0x000001dd71541e50
RIP=0x0000000064a4685d, EFLAGS=0x0000000000010202

Top of Stack: (sp=0x0000001ab55fee20)
0x0000001ab55fee20:   000001dd1e0a6c10 0000000000000000
0x0000001ab55fee30:   0000001ab55fee58 0000001ab55feeb8
0x0000001ab55fee40:   0000001ab55feeb8 000001dd1e2454a8
0x0000001ab55fee50:   000001dd1e302e70 000001dd00011dd2
0x0000001ab55fee60:   0000000000010000 000000070e860b40
0x0000001ab55fee70:   0000001ab55fee70 000001dd1e0a6d99
0x0000001ab55fee80:   0000001ab55feee8 0000001ab55fee88
0x0000001ab55fee90:   0000000000000000 0000001ab55feee8
0x0000001ab55feea0:   000001dd1e245830 0000000000000000
0x0000001ab55feeb0:   000000070e82a800 000001dd1e2454a8
0x0000001ab55feec0:   0000000000000000 0000001ab55feef0
0x0000001ab55feed0:   0000001ab55fef38 000001dd00009f0e
0x0000001ab55feee0:   000000070e82a800 000001dd0000d9f8
0x0000001ab55feef0:   0000001ab55feef0 000001dd1e0ff810
0x0000001ab55fef00:   0000001ab55fef48 000001dd1e100450
0x0000001ab55fef10:   0000000000000000 000000070e84d128 

Instructions: (pc=0x0000000064a4685d)
0x0000000064a4675d:   00 8b 07 89 57 64 89 83 40 1f 00 00 0f 10 74 24
0x0000000064a4676d:   30 48 83 c4 48 5b 5e 5f 5d 41 5c 41 5d 41 5e 41
0x0000000064a4677d:   5f c3 90 4c 8b 30 49 83 fe ff 0f 84 a8 00 00 00
0x0000000064a4678d:   4c 89 f6 eb 10 66 0f 1f 44 00 00 48 83 c6 01 48
0x0000000064a4679d:   83 fe ff 74 16 0f b6 06 84 c0 74 0f 3c 23 75 eb
0x0000000064a467ad:   80 7e 01 23 75 e5 0f 1f 44 00 00 48 89 f2 45 31
0x0000000064a467bd:   c0 4c 89 f1 4c 29 f2 e8 27 6d fe ff 41 89 c7 41
0x0000000064a467cd:   39 44 24 68 0f 84 e4 fd ff ff 0f b6 06 4c 89 f2
0x0000000064a467dd:   c6 06 00 4c 89 e1 88 44 24 2f ff 93 a0 15 00 00
0x0000000064a467ed:   0f b6 44 24 2f 88 06 45 89 7c 24 68 e9 bd fd ff
0x0000000064a467fd:   ff 66 90 41 83 4c 24 04 20 e9 03 fe ff ff 0f 1f
0x0000000064a4680d:   44 00 00 48 8d 15 29 55 41 00 41 b8 2e 2f 00 00
0x0000000064a4681d:   48 8d 0d 34 7b 41 00 ff 15 f6 bd cd 00 8b 93 88
0x0000000064a4682d:   1c 00 00 e9 a1 fb ff ff 48 c7 c6 ff ff ff ff e9
0x0000000064a4683d:   77 ff ff ff 66 66 2e 0f 1f 84 00 00 00 00 00 0f
0x0000000064a4684d:   1f 40 00 56 53 48 83 ec 28 48 8b 35 cb e8 48 00
0x0000000064a4685d:   8b 86 10 1f 00 00 85 c0 7e 25 31 db 0f 1f 80 00
0x0000000064a4686d:   00 00 00 48 8b 86 18 1f 00 00 48 8b 0c d8 48 83
0x0000000064a4687d:   c3 01 e8 1c fa ff ff 39 9e 10 1f 00 00 7f e4 48
0x0000000064a4688d:   83 c4 28 5b 5e c3 66 66 2e 0f 1f 84 00 00 00 00
0x0000000064a4689d:   00 66 90 57 56 53 48 83 ec 70 45 31 c0 31 d2 48
0x0000000064a468ad:   c7 44 24 28 00 00 00 00 48 89 cb 48 8d 0d c2 7a
0x0000000064a468bd:   41 00 48 c7 44 24 30 00 00 00 00 48 c7 44 24 38
0x0000000064a468cd:   00 00 00 00 48 c7 44 24 40 00 00 00 00 48 c7 44
0x0000000064a468dd:   24 48 00 00 00 00 48 c7 44 24 50 00 00 00 00 48
0x0000000064a468ed:   c7 44 24 58 00 00 00 00 48 c7 44 24 60 00 00 00
0x0000000064a468fd:   00 48 89 4c 24 20 e8 e8 6b fe ff 89 44 24 28 48
0x0000000064a4690d:   8d 05 6d 47 00 00 48 89 44 24 30 48 89 44 24 38
0x0000000064a4691d:   48 8d 05 bc 1e fe ff 48 89 44 24 40 48 8d 05 50
0x0000000064a4692d:   48 fe ff 48 89 44 24 48 48 8d 05 64 c9 01 00 48
0x0000000064a4693d:   89 44 24 50 48 8d 05 08 97 fe ff 48 89 44 24 58
0x0000000064a4694d:   48 63 83 70 32 00 00 3b 83 74 32 00 00 74 54 48 


Stack slot to memory mapping:
stack at sp + 0 slots: {method} {0x000001dd1e0a6c18} 'nglDeleteTextures' '(IJ)V' in 'org/lwjgl/opengl/GL11C'
stack at sp + 1 slots: 0x0 is NULL
stack at sp + 2 slots: 0x0000001ab55fee58 is pointing into the stack for thread: 0x000001dd71541e50
stack at sp + 3 slots: 0x0000001ab55feeb8 is pointing into the stack for thread: 0x000001dd71541e50
stack at sp + 4 slots: 0x0000001ab55feeb8 is pointing into the stack for thread: 0x000001dd71541e50
stack at sp + 5 slots: {method} {0x000001dd1e2454b0} 'destroyPlatformWindows' '()V' in 'imgui/ImGui'
stack at sp + 6 slots: 0x000001dd1e302e70 is pointing into metadata
stack at sp + 7 slots: 0x000001dd00011dd2 is at code_begin+2002 in an Interpreter codelet
method entry point (kind = native)  [0x000001dd00011600, 0x000001dd00012780]  4480 bytes


---------------  P R O C E S S  ---------------

Threads class SMR info:
_java_thread_list=0x000001dd164643a0, length=16, elements={
0x000001dd71541e50, 0x000001dd7fb8ed70, 0x000001dd7fb90ae0, 0x000001dd7fb9c330,
0x000001dd7fb9cf30, 0x000001dd7fb9fa40, 0x000001dd7fba0440, 0x000001dd7fba2230,
0x000001dd7fba6d40, 0x000001dd7fbaac80, 0x000001dd7fb70fe0, 0x000001dd15a94eb0,
0x000001dd15ac7340, 0x000001dd15ac8890, 0x000001dd15b66440, 0x000001dd15ee3320
}

Java Threads: ( => current thread )
=>0x000001dd71541e50 JavaThread "main" [_thread_in_native, id=36736, stack(0x0000001ab5500000,0x0000001ab5600000)]
  0x000001dd7fb8ed70 JavaThread "Reference Handler" daemon [_thread_blocked, id=36408, stack(0x0000001ab5c00000,0x0000001ab5d00000)]
  0x000001dd7fb90ae0 JavaThread "Finalizer" daemon [_thread_blocked, id=24512, stack(0x0000001ab5d00000,0x0000001ab5e00000)]
  0x000001dd7fb9c330 JavaThread "Signal Dispatcher" daemon [_thread_blocked, id=26140, stack(0x0000001ab5e00000,0x0000001ab5f00000)]
  0x000001dd7fb9cf30 JavaThread "Attach Listener" daemon [_thread_blocked, id=17624, stack(0x0000001ab5f00000,0x0000001ab6000000)]
  0x000001dd7fb9fa40 JavaThread "Service Thread" daemon [_thread_blocked, id=25076, stack(0x0000001ab6000000,0x0000001ab6100000)]
  0x000001dd7fba0440 JavaThread "Monitor Deflation Thread" daemon [_thread_blocked, id=28220, stack(0x0000001ab6100000,0x0000001ab6200000)]
  0x000001dd7fba2230 JavaThread "C2 CompilerThread0" daemon [_thread_blocked, id=36236, stack(0x0000001ab6200000,0x0000001ab6300000)]
  0x000001dd7fba6d40 JavaThread "C1 CompilerThread0" daemon [_thread_blocked, id=30068, stack(0x0000001ab6300000,0x0000001ab6400000)]
  0x000001dd7fbaac80 JavaThread "Sweeper thread" daemon [_thread_blocked, id=16052, stack(0x0000001ab6400000,0x0000001ab6500000)]
  0x000001dd7fb70fe0 JavaThread "Common-Cleaner" daemon [_thread_blocked, id=15104, stack(0x0000001ab6500000,0x0000001ab6600000)]
  0x000001dd15a94eb0 JavaThread "JDWP Transport Listener: dt_socket" daemon [_thread_blocked, id=40940, stack(0x0000001ab6600000,0x0000001ab6700000)]
  0x000001dd15ac7340 JavaThread "JDWP Event Helper Thread" daemon [_thread_blocked, id=25592, stack(0x0000001ab6700000,0x0000001ab6800000)]
  0x000001dd15ac8890 JavaThread "JDWP Command Reader" daemon [_thread_in_native, id=16640, stack(0x0000001ab6800000,0x0000001ab6900000)]
  0x000001dd15b66440 JavaThread "Coroutines Debugger Cleaner" daemon [_thread_blocked, id=23476, stack(0x0000001ab6a00000,0x0000001ab6b00000)]
  0x000001dd15ee3320 JavaThread "Notification Thread" daemon [_thread_blocked, id=22160, stack(0x0000001ab6b00000,0x0000001ab6c00000)]

Other Threads:
  0x000001dd7fb8b120 VMThread "VM Thread" [stack: 0x0000001ab5b00000,0x0000001ab5c00000] [id=29008]
  0x000001dd71542e50 WatcherThread [stack: 0x0000001ab6c00000,0x0000001ab6d00000] [id=3028]
  0x000001dd715913e0 GCTaskThread "GC Thread#0" [stack: 0x0000001ab5600000,0x0000001ab5700000] [id=18300]
  0x000001dd162e4110 GCTaskThread "GC Thread#1" [stack: 0x0000001ab6d00000,0x0000001ab6e00000] [id=26456]
  0x000001dd160f1ce0 GCTaskThread "GC Thread#2" [stack: 0x0000001ab6e00000,0x0000001ab6f00000] [id=28188]
  0x000001dd160f1ff0 GCTaskThread "GC Thread#3" [stack: 0x0000001ab6f00000,0x0000001ab7000000] [id=6888]
  0x000001dd715a2360 ConcurrentGCThread "G1 Main Marker" [stack: 0x0000001ab5700000,0x0000001ab5800000] [id=15752]
  0x000001dd715a4580 ConcurrentGCThread "G1 Conc#0" [stack: 0x0000001ab5800000,0x0000001ab5900000] [id=33560]
  0x000001dd7fa420c0 ConcurrentGCThread "G1 Refine#0" [stack: 0x0000001ab5900000,0x0000001ab5a00000] [id=36692]
  0x000001dd7fa42b40 ConcurrentGCThread "G1 Service" [stack: 0x0000001ab5a00000,0x0000001ab5b00000] [id=19924]

Threads with active compile tasks:

VM state: not at safepoint (normal execution)

VM Mutex/Monitor currently owned by a thread: None

Heap address: 0x0000000700c00000, size: 4084 MB, Compressed Oops mode: Zero based, Oop shift amount: 3

CDS archive(s) mapped at: [0x0000000800000000-0x0000000800bf0000-0x0000000800bf0000), size 12517376, SharedBaseAddress: 0x0000000800000000, ArchiveRelocationMode: 0.
Compressed class space mapped at: 0x0000000800c00000-0x0000000840c00000, reserved size: 1073741824
Narrow klass base: 0x0000000800000000, Narrow klass shift: 3, Narrow klass range: 0x100000000

GC Precious Log:
 CPUs: 4 total, 4 available
 Memory: 16331M
 Large Page Support: Disabled
 NUMA Support: Disabled
 Compressed Oops: Enabled (Zero based)
 Heap Region Size: 2M
 Heap Min Capacity: 8M
 Heap Initial Capacity: 256M
 Heap Max Capacity: 4084M
 Pre-touch: Disabled
 Parallel Workers: 4
 Concurrent Workers: 1
 Concurrent Refinement Workers: 4
 Periodic GC: Disabled

Heap:
 garbage-first heap   total 262144K, used 16866K [0x0000000700c00000, 0x0000000800000000)
  region size 2048K, 8 young (16384K), 1 survivors (2048K)
 Metaspace       used 10048K, committed 10304K, reserved 1064960K
  class space    used 569K, committed 704K, reserved 1048576K

Heap Regions: E=young(eden), S=young(survivor), O=old, HS=humongous(starts), HC=humongous(continues), CS=collection set, F=free, OA=open archive, CA=closed archive, TAMS=top-at-mark-start (previous, next)
|   0|0x0000000700c00000, 0x0000000700e00000, 0x0000000700e00000|100%| O|  |TAMS 0x0000000700c00000, 0x0000000700c00000| Untracked 
|   1|0x0000000700e00000, 0x0000000700f29800, 0x0000000701000000| 58%| O|  |TAMS 0x0000000700e00000, 0x0000000700e00000| Untracked 
|   2|0x0000000701000000, 0x0000000701000000, 0x0000000701200000|  0%| F|  |TAMS 0x0000000701000000, 0x0000000701000000| Untracked 
|   3|0x0000000701200000, 0x0000000701200000, 0x0000000701400000|  0%| F|  |TAMS 0x0000000701200000, 0x0000000701200000| Untracked 
|   4|0x0000000701400000, 0x0000000701400000, 0x0000000701600000|  0%| F|  |TAMS 0x0000000701400000, 0x0000000701400000| Untracked 
|   5|0x0000000701600000, 0x0000000701600000, 0x0000000701800000|  0%| F|  |TAMS 0x0000000701600000, 0x0000000701600000| Untracked 
|   6|0x0000000701800000, 0x0000000701800000, 0x0000000701a00000|  0%| F|  |TAMS 0x0000000701800000, 0x0000000701800000| Untracked 
|   7|0x0000000701a00000, 0x0000000701a00000, 0x0000000701c00000|  0%| F|  |TAMS 0x0000000701a00000, 0x0000000701a00000| Untracked 
|   8|0x0000000701c00000, 0x0000000701c00000, 0x0000000701e00000|  0%| F|  |TAMS 0x0000000701c00000, 0x0000000701c00000| Untracked 
|   9|0x0000000701e00000, 0x0000000701e00000, 0x0000000702000000|  0%| F|  |TAMS 0x0000000701e00000, 0x0000000701e00000| Untracked 
|  10|0x0000000702000000, 0x0000000702000000, 0x0000000702200000|  0%| F|  |TAMS 0x0000000702000000, 0x0000000702000000| Untracked 
|  11|0x0000000702200000, 0x0000000702200000, 0x0000000702400000|  0%| F|  |TAMS 0x0000000702200000, 0x0000000702200000| Untracked 
|  12|0x0000000702400000, 0x0000000702400000, 0x0000000702600000|  0%| F|  |TAMS 0x0000000702400000, 0x0000000702400000| Untracked 
|  13|0x0000000702600000, 0x0000000702600000, 0x0000000702800000|  0%| F|  |TAMS 0x0000000702600000, 0x0000000702600000| Untracked 
|  14|0x0000000702800000, 0x0000000702800000, 0x0000000702a00000|  0%| F|  |TAMS 0x0000000702800000, 0x0000000702800000| Untracked 
|  15|0x0000000702a00000, 0x0000000702a00000, 0x0000000702c00000|  0%| F|  |TAMS 0x0000000702a00000, 0x0000000702a00000| Untracked 
|  16|0x0000000702c00000, 0x0000000702c00000, 0x0000000702e00000|  0%| F|  |TAMS 0x0000000702c00000, 0x0000000702c00000| Untracked 
|  17|0x0000000702e00000, 0x0000000702e00000, 0x0000000703000000|  0%| F|  |TAMS 0x0000000702e00000, 0x0000000702e00000| Untracked 
|  18|0x0000000703000000, 0x0000000703000000, 0x0000000703200000|  0%| F|  |TAMS 0x0000000703000000, 0x0000000703000000| Untracked 
|  19|0x0000000703200000, 0x0000000703200000, 0x0000000703400000|  0%| F|  |TAMS 0x0000000703200000, 0x0000000703200000| Untracked 
|  20|0x0000000703400000, 0x0000000703400000, 0x0000000703600000|  0%| F|  |TAMS 0x0000000703400000, 0x0000000703400000| Untracked 
|  21|0x0000000703600000, 0x0000000703600000, 0x0000000703800000|  0%| F|  |TAMS 0x0000000703600000, 0x0000000703600000| Untracked 
|  22|0x0000000703800000, 0x0000000703800000, 0x0000000703a00000|  0%| F|  |TAMS 0x0000000703800000, 0x0000000703800000| Untracked 
|  23|0x0000000703a00000, 0x0000000703a00000, 0x0000000703c00000|  0%| F|  |TAMS 0x0000000703a00000, 0x0000000703a00000| Untracked 
|  24|0x0000000703c00000, 0x0000000703c00000, 0x0000000703e00000|  0%| F|  |TAMS 0x0000000703c00000, 0x0000000703c00000| Untracked 
|  25|0x0000000703e00000, 0x0000000703e00000, 0x0000000704000000|  0%| F|  |TAMS 0x0000000703e00000, 0x0000000703e00000| Untracked 
|  26|0x0000000704000000, 0x0000000704000000, 0x0000000704200000|  0%| F|  |TAMS 0x0000000704000000, 0x0000000704000000| Untracked 
|  27|0x0000000704200000, 0x0000000704200000, 0x0000000704400000|  0%| F|  |TAMS 0x0000000704200000, 0x0000000704200000| Untracked 
|  28|0x0000000704400000, 0x0000000704400000, 0x0000000704600000|  0%| F|  |TAMS 0x0000000704400000, 0x0000000704400000| Untracked 
|  29|0x0000000704600000, 0x0000000704600000, 0x0000000704800000|  0%| F|  |TAMS 0x0000000704600000, 0x0000000704600000| Untracked 
|  30|0x0000000704800000, 0x0000000704800000, 0x0000000704a00000|  0%| F|  |TAMS 0x0000000704800000, 0x0000000704800000| Untracked 
|  31|0x0000000704a00000, 0x0000000704a00000, 0x0000000704c00000|  0%| F|  |TAMS 0x0000000704a00000, 0x0000000704a00000| Untracked 
|  32|0x0000000704c00000, 0x0000000704c00000, 0x0000000704e00000|  0%| F|  |TAMS 0x0000000704c00000, 0x0000000704c00000| Untracked 
|  33|0x0000000704e00000, 0x0000000704e00000, 0x0000000705000000|  0%| F|  |TAMS 0x0000000704e00000, 0x0000000704e00000| Untracked 
|  34|0x0000000705000000, 0x0000000705000000, 0x0000000705200000|  0%| F|  |TAMS 0x0000000705000000, 0x0000000705000000| Untracked 
|  35|0x0000000705200000, 0x0000000705200000, 0x0000000705400000|  0%| F|  |TAMS 0x0000000705200000, 0x0000000705200000| Untracked 
|  36|0x0000000705400000, 0x0000000705400000, 0x0000000705600000|  0%| F|  |TAMS 0x0000000705400000, 0x0000000705400000| Untracked 
|  37|0x0000000705600000, 0x0000000705600000, 0x0000000705800000|  0%| F|  |TAMS 0x0000000705600000, 0x0000000705600000| Untracked 
|  38|0x0000000705800000, 0x0000000705800000, 0x0000000705a00000|  0%| F|  |TAMS 0x0000000705800000, 0x0000000705800000| Untracked 
|  39|0x0000000705a00000, 0x0000000705a00000, 0x0000000705c00000|  0%| F|  |TAMS 0x0000000705a00000, 0x0000000705a00000| Untracked 
|  40|0x0000000705c00000, 0x0000000705c00000, 0x0000000705e00000|  0%| F|  |TAMS 0x0000000705c00000, 0x0000000705c00000| Untracked 
|  41|0x0000000705e00000, 0x0000000705e00000, 0x0000000706000000|  0%| F|  |TAMS 0x0000000705e00000, 0x0000000705e00000| Untracked 
|  42|0x0000000706000000, 0x0000000706000000, 0x0000000706200000|  0%| F|  |TAMS 0x0000000706000000, 0x0000000706000000| Untracked 
|  43|0x0000000706200000, 0x0000000706200000, 0x0000000706400000|  0%| F|  |TAMS 0x0000000706200000, 0x0000000706200000| Untracked 
|  44|0x0000000706400000, 0x0000000706400000, 0x0000000706600000|  0%| F|  |TAMS 0x0000000706400000, 0x0000000706400000| Untracked 
|  45|0x0000000706600000, 0x0000000706600000, 0x0000000706800000|  0%| F|  |TAMS 0x0000000706600000, 0x0000000706600000| Untracked 
|  46|0x0000000706800000, 0x0000000706800000, 0x0000000706a00000|  0%| F|  |TAMS 0x0000000706800000, 0x0000000706800000| Untracked 
|  47|0x0000000706a00000, 0x0000000706a00000, 0x0000000706c00000|  0%| F|  |TAMS 0x0000000706a00000, 0x0000000706a00000| Untracked 
|  48|0x0000000706c00000, 0x0000000706c00000, 0x0000000706e00000|  0%| F|  |TAMS 0x0000000706c00000, 0x0000000706c00000| Untracked 
|  49|0x0000000706e00000, 0x0000000706e00000, 0x0000000707000000|  0%| F|  |TAMS 0x0000000706e00000, 0x0000000706e00000| Untracked 
|  50|0x0000000707000000, 0x0000000707000000, 0x0000000707200000|  0%| F|  |TAMS 0x0000000707000000, 0x0000000707000000| Untracked 
|  51|0x0000000707200000, 0x0000000707200000, 0x0000000707400000|  0%| F|  |TAMS 0x0000000707200000, 0x0000000707200000| Untracked 
|  52|0x0000000707400000, 0x0000000707400000, 0x0000000707600000|  0%| F|  |TAMS 0x0000000707400000, 0x0000000707400000| Untracked 
|  53|0x0000000707600000, 0x0000000707600000, 0x0000000707800000|  0%| F|  |TAMS 0x0000000707600000, 0x0000000707600000| Untracked 
|  54|0x0000000707800000, 0x0000000707800000, 0x0000000707a00000|  0%| F|  |TAMS 0x0000000707800000, 0x0000000707800000| Untracked 
|  55|0x0000000707a00000, 0x0000000707a00000, 0x0000000707c00000|  0%| F|  |TAMS 0x0000000707a00000, 0x0000000707a00000| Untracked 
|  56|0x0000000707c00000, 0x0000000707c00000, 0x0000000707e00000|  0%| F|  |TAMS 0x0000000707c00000, 0x0000000707c00000| Untracked 
|  57|0x0000000707e00000, 0x0000000707e00000, 0x0000000708000000|  0%| F|  |TAMS 0x0000000707e00000, 0x0000000707e00000| Untracked 
|  58|0x0000000708000000, 0x0000000708000000, 0x0000000708200000|  0%| F|  |TAMS 0x0000000708000000, 0x0000000708000000| Untracked 
|  59|0x0000000708200000, 0x0000000708200000, 0x0000000708400000|  0%| F|  |TAMS 0x0000000708200000, 0x0000000708200000| Untracked 
|  60|0x0000000708400000, 0x0000000708400000, 0x0000000708600000|  0%| F|  |TAMS 0x0000000708400000, 0x0000000708400000| Untracked 
|  61|0x0000000708600000, 0x0000000708600000, 0x0000000708800000|  0%| F|  |TAMS 0x0000000708600000, 0x0000000708600000| Untracked 
|  62|0x0000000708800000, 0x0000000708800000, 0x0000000708a00000|  0%| F|  |TAMS 0x0000000708800000, 0x0000000708800000| Untracked 
|  63|0x0000000708a00000, 0x0000000708a00000, 0x0000000708c00000|  0%| F|  |TAMS 0x0000000708a00000, 0x0000000708a00000| Untracked 
|  64|0x0000000708c00000, 0x0000000708c00000, 0x0000000708e00000|  0%| F|  |TAMS 0x0000000708c00000, 0x0000000708c00000| Untracked 
|  65|0x0000000708e00000, 0x0000000708e00000, 0x0000000709000000|  0%| F|  |TAMS 0x0000000708e00000, 0x0000000708e00000| Untracked 
|  66|0x0000000709000000, 0x0000000709000000, 0x0000000709200000|  0%| F|  |TAMS 0x0000000709000000, 0x0000000709000000| Untracked 
|  67|0x0000000709200000, 0x0000000709200000, 0x0000000709400000|  0%| F|  |TAMS 0x0000000709200000, 0x0000000709200000| Untracked 
|  68|0x0000000709400000, 0x0000000709400000, 0x0000000709600000|  0%| F|  |TAMS 0x0000000709400000, 0x0000000709400000| Untracked 
|  69|0x0000000709600000, 0x0000000709600000, 0x0000000709800000|  0%| F|  |TAMS 0x0000000709600000, 0x0000000709600000| Untracked 
|  70|0x0000000709800000, 0x0000000709800000, 0x0000000709a00000|  0%| F|  |TAMS 0x0000000709800000, 0x0000000709800000| Untracked 
|  71|0x0000000709a00000, 0x0000000709a00000, 0x0000000709c00000|  0%| F|  |TAMS 0x0000000709a00000, 0x0000000709a00000| Untracked 
|  72|0x0000000709c00000, 0x0000000709c00000, 0x0000000709e00000|  0%| F|  |TAMS 0x0000000709c00000, 0x0000000709c00000| Untracked 
|  73|0x0000000709e00000, 0x0000000709e00000, 0x000000070a000000|  0%| F|  |TAMS 0x0000000709e00000, 0x0000000709e00000| Untracked 
|  74|0x000000070a000000, 0x000000070a000000, 0x000000070a200000|  0%| F|  |TAMS 0x000000070a000000, 0x000000070a000000| Untracked 
|  75|0x000000070a200000, 0x000000070a200000, 0x000000070a400000|  0%| F|  |TAMS 0x000000070a200000, 0x000000070a200000| Untracked 
|  76|0x000000070a400000, 0x000000070a400000, 0x000000070a600000|  0%| F|  |TAMS 0x000000070a400000, 0x000000070a400000| Untracked 
|  77|0x000000070a600000, 0x000000070a600000, 0x000000070a800000|  0%| F|  |TAMS 0x000000070a600000, 0x000000070a600000| Untracked 
|  78|0x000000070a800000, 0x000000070a800000, 0x000000070aa00000|  0%| F|  |TAMS 0x000000070a800000, 0x000000070a800000| Untracked 
|  79|0x000000070aa00000, 0x000000070aa00000, 0x000000070ac00000|  0%| F|  |TAMS 0x000000070aa00000, 0x000000070aa00000| Untracked 
|  80|0x000000070ac00000, 0x000000070ac00000, 0x000000070ae00000|  0%| F|  |TAMS 0x000000070ac00000, 0x000000070ac00000| Untracked 
|  81|0x000000070ae00000, 0x000000070ae00000, 0x000000070b000000|  0%| F|  |TAMS 0x000000070ae00000, 0x000000070ae00000| Untracked 
|  82|0x000000070b000000, 0x000000070b000000, 0x000000070b200000|  0%| F|  |TAMS 0x000000070b000000, 0x000000070b000000| Untracked 
|  83|0x000000070b200000, 0x000000070b200000, 0x000000070b400000|  0%| F|  |TAMS 0x000000070b200000, 0x000000070b200000| Untracked 
|  84|0x000000070b400000, 0x000000070b400000, 0x000000070b600000|  0%| F|  |TAMS 0x000000070b400000, 0x000000070b400000| Untracked 
|  85|0x000000070b600000, 0x000000070b600000, 0x000000070b800000|  0%| F|  |TAMS 0x000000070b600000, 0x000000070b600000| Untracked 
|  86|0x000000070b800000, 0x000000070b800000, 0x000000070ba00000|  0%| F|  |TAMS 0x000000070b800000, 0x000000070b800000| Untracked 
|  87|0x000000070ba00000, 0x000000070ba00000, 0x000000070bc00000|  0%| F|  |TAMS 0x000000070ba00000, 0x000000070ba00000| Untracked 
|  88|0x000000070bc00000, 0x000000070bc00000, 0x000000070be00000|  0%| F|  |TAMS 0x000000070bc00000, 0x000000070bc00000| Untracked 
|  89|0x000000070be00000, 0x000000070be00000, 0x000000070c000000|  0%| F|  |TAMS 0x000000070be00000, 0x000000070be00000| Untracked 
|  90|0x000000070c000000, 0x000000070c000000, 0x000000070c200000|  0%| F|  |TAMS 0x000000070c000000, 0x000000070c000000| Untracked 
|  91|0x000000070c200000, 0x000000070c200000, 0x000000070c400000|  0%| F|  |TAMS 0x000000070c200000, 0x000000070c200000| Untracked 
|  92|0x000000070c400000, 0x000000070c400000, 0x000000070c600000|  0%| F|  |TAMS 0x000000070c400000, 0x000000070c400000| Untracked 
|  93|0x000000070c600000, 0x000000070c600000, 0x000000070c800000|  0%| F|  |TAMS 0x000000070c600000, 0x000000070c600000| Untracked 
|  94|0x000000070c800000, 0x000000070c800000, 0x000000070ca00000|  0%| F|  |TAMS 0x000000070c800000, 0x000000070c800000| Untracked 
|  95|0x000000070ca00000, 0x000000070ca00000, 0x000000070cc00000|  0%| F|  |TAMS 0x000000070ca00000, 0x000000070ca00000| Untracked 
|  96|0x000000070cc00000, 0x000000070cc00000, 0x000000070ce00000|  0%| F|  |TAMS 0x000000070cc00000, 0x000000070cc00000| Untracked 
|  97|0x000000070ce00000, 0x000000070ce00000, 0x000000070d000000|  0%| F|  |TAMS 0x000000070ce00000, 0x000000070ce00000| Untracked 
|  98|0x000000070d000000, 0x000000070d000000, 0x000000070d200000|  0%| F|  |TAMS 0x000000070d000000, 0x000000070d000000| Untracked 
|  99|0x000000070d200000, 0x000000070d200000, 0x000000070d400000|  0%| F|  |TAMS 0x000000070d200000, 0x000000070d200000| Untracked 
| 100|0x000000070d400000, 0x000000070d400000, 0x000000070d600000|  0%| F|  |TAMS 0x000000070d400000, 0x000000070d400000| Untracked 
| 101|0x000000070d600000, 0x000000070d600000, 0x000000070d800000|  0%| F|  |TAMS 0x000000070d600000, 0x000000070d600000| Untracked 
| 102|0x000000070d800000, 0x000000070d800000, 0x000000070da00000|  0%| F|  |TAMS 0x000000070d800000, 0x000000070d800000| Untracked 
| 103|0x000000070da00000, 0x000000070da00000, 0x000000070dc00000|  0%| F|  |TAMS 0x000000070da00000, 0x000000070da00000| Untracked 
| 104|0x000000070dc00000, 0x000000070dc00000, 0x000000070de00000|  0%| F|  |TAMS 0x000000070dc00000, 0x000000070dc00000| Untracked 
| 105|0x000000070de00000, 0x000000070de00000, 0x000000070e000000|  0%| F|  |TAMS 0x000000070de00000, 0x000000070de00000| Untracked 
| 106|0x000000070e000000, 0x000000070e000000, 0x000000070e200000|  0%| F|  |TAMS 0x000000070e000000, 0x000000070e000000| Untracked 
| 107|0x000000070e200000, 0x000000070e200000, 0x000000070e400000|  0%| F|  |TAMS 0x000000070e200000, 0x000000070e200000| Untracked 
| 108|0x000000070e400000, 0x000000070e400000, 0x000000070e600000|  0%| F|  |TAMS 0x000000070e400000, 0x000000070e400000| Untracked 
| 109|0x000000070e600000, 0x000000070e600000, 0x000000070e800000|  0%| F|  |TAMS 0x000000070e600000, 0x000000070e600000| Untracked 
| 110|0x000000070e800000, 0x000000070e94f188, 0x000000070ea00000| 65%| S|CS|TAMS 0x000000070e800000, 0x000000070e800000| Complete 
| 111|0x000000070ea00000, 0x000000070ea00000, 0x000000070ec00000|  0%| F|  |TAMS 0x000000070ea00000, 0x000000070ea00000| Untracked 
| 112|0x000000070ec00000, 0x000000070ec00000, 0x000000070ee00000|  0%| F|  |TAMS 0x000000070ec00000, 0x000000070ec00000| Untracked 
| 113|0x000000070ee00000, 0x000000070ee00000, 0x000000070f000000|  0%| F|  |TAMS 0x000000070ee00000, 0x000000070ee00000| Untracked 
| 114|0x000000070f000000, 0x000000070f000000, 0x000000070f200000|  0%| F|  |TAMS 0x000000070f000000, 0x000000070f000000| Untracked 
| 115|0x000000070f200000, 0x000000070f200000, 0x000000070f400000|  0%| F|  |TAMS 0x000000070f200000, 0x000000070f200000| Untracked 
| 116|0x000000070f400000, 0x000000070f400000, 0x000000070f600000|  0%| F|  |TAMS 0x000000070f400000, 0x000000070f400000| Untracked 
| 117|0x000000070f600000, 0x000000070f600000, 0x000000070f800000|  0%| F|  |TAMS 0x000000070f600000, 0x000000070f600000| Untracked 
| 118|0x000000070f800000, 0x000000070f800000, 0x000000070fa00000|  0%| F|  |TAMS 0x000000070f800000, 0x000000070f800000| Untracked 
| 119|0x000000070fa00000, 0x000000070fa00000, 0x000000070fc00000|  0%| F|  |TAMS 0x000000070fa00000, 0x000000070fa00000| Untracked 
| 120|0x000000070fc00000, 0x000000070fc00000, 0x000000070fe00000|  0%| F|  |TAMS 0x000000070fc00000, 0x000000070fc00000| Untracked 
| 121|0x000000070fe00000, 0x000000070ff00800, 0x0000000710000000| 50%| E|  |TAMS 0x000000070fe00000, 0x000000070fe00000| Complete 
| 122|0x0000000710000000, 0x0000000710200000, 0x0000000710200000|100%| E|CS|TAMS 0x0000000710000000, 0x0000000710000000| Complete 
| 123|0x0000000710200000, 0x0000000710400000, 0x0000000710400000|100%| E|CS|TAMS 0x0000000710200000, 0x0000000710200000| Complete 
| 124|0x0000000710400000, 0x0000000710600000, 0x0000000710600000|100%| E|CS|TAMS 0x0000000710400000, 0x0000000710400000| Complete 
| 125|0x0000000710600000, 0x0000000710800000, 0x0000000710800000|100%| E|CS|TAMS 0x0000000710600000, 0x0000000710600000| Complete 
| 126|0x0000000710800000, 0x0000000710a00000, 0x0000000710a00000|100%| E|CS|TAMS 0x0000000710800000, 0x0000000710800000| Complete 
| 127|0x0000000710a00000, 0x0000000710c00000, 0x0000000710c00000|100%| E|CS|TAMS 0x0000000710a00000, 0x0000000710a00000| Complete 

Card table byte_map: [0x000001dd7a6e0000,0x000001dd7aee0000] _byte_map_base: 0x000001dd76eda000

Marking Bits (Prev, Next): (CMBitMap*) 0x000001dd71591a50, (CMBitMap*) 0x000001dd71591a90
 Prev Bits: [0x000001dd7b6e0000, 0x000001dd7f6b0000)
 Next Bits: [0x000001dd0f000000, 0x000001dd12fd0000)

Polling page: 0x000001dd70d10000

Metaspace:

Usage:
  Non-class:      9.26 MB used.
      Class:    569.21 KB used.
       Both:      9.81 MB used.

Virtual space:
  Non-class space:       16.00 MB reserved,       9.38 MB ( 59%) committed,  2 nodes.
      Class space:        1.00 GB reserved,     704.00 KB ( <1%) committed,  1 nodes.
              Both:        1.02 GB reserved,      10.06 MB ( <1%) committed. 

Chunk freelists:
   Non-Class:  807.00 KB
       Class:  3.31 MB
        Both:  4.09 MB

MaxMetaspaceSize: 17179869184.00 GB
CompressedClassSpaceSize: 1.00 GB
 - commit_granule_bytes: 65536.
 - commit_granule_words: 8192.
 - virtual_space_node_default_size: 1048576.
 - enlarge_chunks_in_place: 1.
 - new_chunks_are_fully_committed: 0.
 - uncommit_free_chunks: 1.
 - use_allocation_guard: 0.
 - handle_deallocations: 1.


Internal statistics:

num_allocs_failed_limit: 0.
num_arena_births: 70.
num_arena_deaths: 0.
num_vsnodes_births: 3.
num_vsnodes_deaths: 0.
num_space_committed: 159.
num_space_uncommitted: 0.
num_chunks_returned_to_freelist: 0.
num_chunks_taken_from_freelist: 345.
num_chunk_merges: 0.
num_chunk_splits: 282.
num_chunks_enlarged: 246.
num_purges: 0.

CodeHeap 'non-profiled nmethods': size=120000Kb used=971Kb max_used=971Kb free=119028Kb
 bounds [0x000001dd07ad0000, 0x000001dd07d40000, 0x000001dd0f000000]
CodeHeap 'profiled nmethods': size=120000Kb used=2925Kb max_used=2925Kb free=117074Kb
 bounds [0x000001dd005a0000, 0x000001dd00880000, 0x000001dd07ad0000]
CodeHeap 'non-nmethods': size=5760Kb used=1849Kb max_used=1915Kb free=3910Kb
 bounds [0x000001dd00000000, 0x000001dd00270000, 0x000001dd005a0000]
 total_blobs=2991 nmethods=1733 adapters=1171
 compilation: enabled
              stopped_count=0, restarted_count=0
 full_count=0

Compilation events (20 events):
Event: 96.486 Thread 0x000001dd7fba2230 1724       4       util.VectorExtensionsKt::getZero (28 bytes)
Event: 96.490 Thread 0x000001dd7fba2230 nmethod 1724 0x000001dd07bbac10 code [0x000001dd07bbada0, 0x000001dd07bbaf98]
Event: 96.490 Thread 0x000001dd7fba2230 1725       4       imgui.glfw.ImGuiImplGlfw$GetWindowMinimizedFunction::get (26 bytes)
Event: 96.492 Thread 0x000001dd7fba2230 nmethod 1725 0x000001dd07bbb110 code [0x000001dd07bbb2c0, 0x000001dd07bbb458]
Event: 107.202 Thread 0x000001dd7fba2230 1726       4       java.lang.StringConcatHelper::newString (67 bytes)
Event: 107.204 Thread 0x000001dd7fba2230 nmethod 1726 0x000001dd07bbb610 code [0x000001dd07bbb7a0, 0x000001dd07bbb918]
Event: 113.668 Thread 0x000001dd7fba2230 1727       4       engine.entitysystem.CameraEntity::getProjectionMatrix (16 bytes)
Event: 113.669 Thread 0x000001dd7fba2230 nmethod 1727 0x000001dd07bbba10 code [0x000001dd07bbbba0, 0x000001dd07bbbc78]
Event: 113.669 Thread 0x000001dd7fba2230 1729       4       engine.editor.Inspector::onGui (229 bytes)
Event: 113.705 Thread 0x000001dd7fba2230 nmethod 1729 0x000001dd07bbbd90 code [0x000001dd07bbc020, 0x000001dd07bbd9c0]
Event: 113.705 Thread 0x000001dd7fba2230 1728       4       imgui.glfw.ImGuiImplGlfw$GetWindowPosFunction::get (46 bytes)
Event: 113.709 Thread 0x000001dd7fba2230 nmethod 1728 0x000001dd07bbf490 code [0x000001dd07bbf640, 0x000001dd07bbfa38]
Event: 130.838 Thread 0x000001dd7fba2230 1730       4       engine.editor.SceneView::onGui (115 bytes)
Event: 130.845 Thread 0x000001dd7fba2230 nmethod 1730 0x000001dd07bbfe10 code [0x000001dd07bc0020, 0x000001dd07bc0490]
Event: 130.845 Thread 0x000001dd7fba2230 1731       4       imgui.glfw.ImGuiImplGlfw$GetWindowFocusFunction::get (26 bytes)
Event: 130.847 Thread 0x000001dd7fba2230 nmethod 1731 0x000001dd07bc0910 code [0x000001dd07bc0ac0, 0x000001dd07bc0c58]
Event: 158.856 Thread 0x000001dd7fba2230 1732   !   4       com.badlogic.gdx.InputEventQueue::drain (379 bytes)
Event: 158.858 Thread 0x000001dd7fba2230 nmethod 1732 0x000001dd07bc0e10 code [0x000001dd07bc0fa0, 0x000001dd07bc1198]
Event: 168.453 Thread 0x000001dd7fba2230 1733       4       engine.editor.Hierarchy::onGui (144 bytes)
Event: 168.469 Thread 0x000001dd7fba2230 nmethod 1733 0x000001dd07bc1290 code [0x000001dd07bc14e0, 0x000001dd07bc1ea0]

GC Heap History (6 events):
Event: 0.407 GC heap before
{Heap before GC invocations=0 (full 0):
 garbage-first heap   total 262144K, used 12288K [0x0000000700c00000, 0x0000000800000000)
  region size 2048K, 6 young (12288K), 0 survivors (0K)
 Metaspace       used 2401K, committed 2560K, reserved 1056768K
  class space    used 182K, committed 256K, reserved 1048576K
}
Event: 0.409 GC heap after
{Heap after GC invocations=1 (full 0):
 garbage-first heap   total 262144K, used 3137K [0x0000000700c00000, 0x0000000800000000)
  region size 2048K, 1 young (2048K), 1 survivors (2048K)
 Metaspace       used 2401K, committed 2560K, reserved 1056768K
  class space    used 182K, committed 256K, reserved 1048576K
}
Event: 0.924 GC heap before
{Heap before GC invocations=1 (full 0):
 garbage-first heap   total 262144K, used 13377K [0x0000000700c00000, 0x0000000800000000)
  region size 2048K, 6 young (12288K), 1 survivors (2048K)
 Metaspace       used 5003K, committed 5248K, reserved 1056768K
  class space    used 304K, committed 448K, reserved 1048576K
}
Event: 0.926 GC heap after
{Heap after GC invocations=2 (full 0):
 garbage-first heap   total 262144K, used 4088K [0x0000000700c00000, 0x0000000800000000)
  region size 2048K, 1 young (2048K), 1 survivors (2048K)
 Metaspace       used 5003K, committed 5248K, reserved 1056768K
  class space    used 304K, committed 448K, reserved 1048576K
}
Event: 195.573 GC heap before
{Heap before GC invocations=2 (full 0):
 garbage-first heap   total 262144K, used 34808K [0x0000000700c00000, 0x0000000800000000)
  region size 2048K, 17 young (34816K), 1 survivors (2048K)
 Metaspace       used 10038K, committed 10304K, reserved 1064960K
  class space    used 567K, committed 704K, reserved 1048576K
}
Event: 195.576 GC heap after
{Heap after GC invocations=3 (full 0):
 garbage-first heap   total 262144K, used 4578K [0x0000000700c00000, 0x0000000800000000)
  region size 2048K, 1 young (2048K), 1 survivors (2048K)
 Metaspace       used 10038K, committed 10304K, reserved 1064960K
  class space    used 567K, committed 704K, reserved 1048576K
}

Deoptimization events (20 events):
Event: 78.534 Thread 0x000001dd71541e50 Uncommon trap: trap_request=0xffffff45 fr.pc=0x000001dd07b7eca8 relative=0x0000000000000388
Event: 78.534 Thread 0x000001dd71541e50 Uncommon trap: reason=unstable_if action=reinterpret pc=0x000001dd07b7eca8 method=java.lang.StringConcatHelper.prepend(J[BLjava/lang/String;)J @ 13 c2
Event: 78.534 Thread 0x000001dd71541e50 DEOPT PACKING pc=0x000001dd07b7eca8 sp=0x0000001ab55fe6e0
Event: 78.534 Thread 0x000001dd71541e50 DEOPT UNPACKING pc=0x000001dd0004d72e sp=0x0000001ab55fe650 mode 2
Event: 78.534 Thread 0x000001dd71541e50 Uncommon trap: trap_request=0xffffff45 fr.pc=0x000001dd07b64d24 relative=0x0000000000000184
Event: 78.534 Thread 0x000001dd71541e50 Uncommon trap: reason=unstable_if action=reinterpret pc=0x000001dd07b64d24 method=java.lang.String.getBytes([BIB)V @ 5 c2
Event: 78.534 Thread 0x000001dd71541e50 DEOPT PACKING pc=0x000001dd07b64d24 sp=0x0000001ab55fe5f0
Event: 78.534 Thread 0x000001dd71541e50 DEOPT UNPACKING pc=0x000001dd0004d72e sp=0x0000001ab55fe5c8 mode 2
Event: 78.534 Thread 0x000001dd71541e50 Uncommon trap: trap_request=0xffffff45 fr.pc=0x000001dd07b6bd78 relative=0x00000000000001d8
Event: 78.534 Thread 0x000001dd71541e50 Uncommon trap: reason=unstable_if action=reinterpret pc=0x000001dd07b6bd78 method=java.lang.StringConcatHelper.prepend(J[BLjava/lang/String;)J @ 13 c2
Event: 78.534 Thread 0x000001dd71541e50 DEOPT PACKING pc=0x000001dd07b6bd78 sp=0x0000001ab55fe650
Event: 78.534 Thread 0x000001dd71541e50 DEOPT UNPACKING pc=0x000001dd0004d72e sp=0x0000001ab55fe640 mode 2
Event: 78.534 Thread 0x000001dd71541e50 Uncommon trap: trap_request=0xffffff45 fr.pc=0x000001dd07b8a654 relative=0x00000000000000b4
Event: 78.534 Thread 0x000001dd71541e50 Uncommon trap: reason=unstable_if action=reinterpret pc=0x000001dd07b8a654 method=java.lang.StringConcatHelper.newString([BJ)Ljava/lang/String; @ 3 c2
Event: 78.534 Thread 0x000001dd71541e50 DEOPT PACKING pc=0x000001dd07b8a654 sp=0x0000001ab55fe7f0
Event: 78.534 Thread 0x000001dd71541e50 DEOPT UNPACKING pc=0x000001dd0004d72e sp=0x0000001ab55fe778 mode 2
Event: 457.164 Thread 0x000001dd71541e50 Uncommon trap: trap_request=0xffffff45 fr.pc=0x000001dd07bb6ccc relative=0x00000000000000ac
Event: 457.164 Thread 0x000001dd71541e50 Uncommon trap: reason=unstable_if action=reinterpret pc=0x000001dd07bb6ccc method=org.lwjgl.glfw.GLFW.glfwWindowShouldClose(J)Z @ 20 c2
Event: 457.164 Thread 0x000001dd71541e50 DEOPT PACKING pc=0x000001dd07bb6ccc sp=0x0000001ab55ff0f0
Event: 457.164 Thread 0x000001dd71541e50 DEOPT UNPACKING pc=0x000001dd0004d72e sp=0x0000001ab55ff028 mode 2

Classes unloaded (0 events):
No events

Classes redefined (1 events):
Event: 78.521 Thread 0x000001dd7fb8b120 redefined class name=engine.editor.Hierarchy, count=1

Internal exceptions (20 events):
Event: 0.365 Thread 0x000001dd71541e50 Exception <a 'java/lang/NoSuchMethodError'{0x0000000710040340}: 'java.lang.Object java.lang.invoke.DirectMethodHandle$Holder.invokeStatic(java.lang.Object)'> (0x0000000710040340) 
thrown [e:\jenkins\tmp\workspace\build\src\src\hotspot\share\interpreter\linkResolver.cpp, line 790]
Event: 0.365 Thread 0x000001dd71541e50 Exception <a 'java/lang/NoSuchMethodError'{0x0000000710043a80}: 'java.lang.Object java.lang.invoke.DirectMethodHandle$Holder.invokeStaticInit(java.lang.Object)'> (0x0000000710043a80) 
thrown [e:\jenkins\tmp\workspace\build\src\src\hotspot\share\interpreter\linkResolver.cpp, line 790]
Event: 0.381 Thread 0x000001dd71541e50 Exception <a 'java/lang/NoSuchMethodError'{0x00000007100e97c8}: 'void java.lang.invoke.DirectMethodHandle$Holder.invokeStatic(java.lang.Object, java.lang.Object)'> (0x00000007100e97c8) 
thrown [e:\jenkins\tmp\workspace\build\src\src\hotspot\share\interpreter\linkResolver.cpp, line 790]
Event: 0.381 Thread 0x000001dd71541e50 Exception <a 'java/lang/NoSuchMethodError'{0x00000007100f80c0}: 'void java.lang.invoke.DirectMethodHandle$Holder.invokeSpecial(java.lang.Object, java.lang.Object, java.lang.Object)'> (0x00000007100f80c0) 
thrown [e:\jenkins\tmp\workspace\build\src\src\hotspot\share\interpreter\linkResolver.cpp, line 790]
Event: 0.384 Thread 0x000001dd71541e50 Exception <a 'java/lang/NoSuchMethodError'{0x0000000710119f18}: 'java.lang.Object java.lang.invoke.DirectMethodHandle$Holder.invokeStatic(java.lang.Object, java.lang.Object, int)'> (0x0000000710119f18) 
thrown [e:\jenkins\tmp\workspace\build\src\src\hotspot\share\interpreter\linkResolver.cpp, line 790]
Event: 0.386 Thread 0x000001dd71541e50 Exception <a 'java/lang/NoSuchMethodError'{0x0000000710126038}: 'void java.lang.invoke.DelegatingMethodHandle$Holder.delegate(java.lang.Object, java.lang.Object, int, java.lang.Object)'> (0x0000000710126038) 
thrown [e:\jenkins\tmp\workspace\build\src\src\hotspot\share\interpreter\linkResolver.cpp, line 790]
Event: 0.386 Thread 0x000001dd71541e50 Exception <a 'java/lang/NoSuchMethodError'{0x000000071012a188}: 'int java.lang.invoke.DirectMethodHandle$Holder.invokeSpecial(java.lang.Object, java.lang.Object, java.lang.Object)'> (0x000000071012a188) 
thrown [e:\jenkins\tmp\workspace\build\src\src\hotspot\share\interpreter\linkResolver.cpp, line 790]
Event: 0.452 Thread 0x000001dd71541e50 Exception <a 'sun/nio/fs/WindowsException'{0x0000000710aa61d8}> (0x0000000710aa61d8) 
thrown [e:\jenkins\tmp\workspace\build\src\src\hotspot\share\prims\jni.cpp, line 579]
Event: 0.452 Thread 0x000001dd71541e50 Exception <a 'sun/nio/fs/WindowsException'{0x0000000710aa88e0}> (0x0000000710aa88e0) 
thrown [e:\jenkins\tmp\workspace\build\src\src\hotspot\share\prims\jni.cpp, line 579]
Event: 0.477 Thread 0x000001dd71541e50 Exception <a 'sun/nio/fs/WindowsException'{0x0000000710bbb970}> (0x0000000710bbb970) 
thrown [e:\jenkins\tmp\workspace\build\src\src\hotspot\share\prims\jni.cpp, line 579]
Event: 0.477 Thread 0x000001dd71541e50 Exception <a 'sun/nio/fs/WindowsException'{0x0000000710bbbd10}> (0x0000000710bbbd10) 
thrown [e:\jenkins\tmp\workspace\build\src\src\hotspot\share\prims\jni.cpp, line 579]
Event: 0.494 Thread 0x000001dd71541e50 Exception <a 'sun/nio/fs/WindowsException'{0x00000007108afb78}> (0x00000007108afb78) 
thrown [e:\jenkins\tmp\workspace\build\src\src\hotspot\share\prims\jni.cpp, line 579]
Event: 0.494 Thread 0x000001dd71541e50 Exception <a 'sun/nio/fs/WindowsException'{0x00000007108afee8}> (0x00000007108afee8) 
thrown [e:\jenkins\tmp\workspace\build\src\src\hotspot\share\prims\jni.cpp, line 579]
Event: 0.558 Thread 0x000001dd71541e50 Exception <a 'sun/nio/fs/WindowsException'{0x0000000710964448}> (0x0000000710964448) 
thrown [e:\jenkins\tmp\workspace\build\src\src\hotspot\share\prims\jni.cpp, line 579]
Event: 0.558 Thread 0x000001dd71541e50 Exception <a 'sun/nio/fs/WindowsException'{0x00000007109647d0}> (0x00000007109647d0) 
thrown [e:\jenkins\tmp\workspace\build\src\src\hotspot\share\prims\jni.cpp, line 579]
Event: 0.857 Thread 0x000001dd71541e50 Exception <a 'sun/nio/fs/WindowsException'{0x0000000710425a48}> (0x0000000710425a48) 
thrown [e:\jenkins\tmp\workspace\build\src\src\hotspot\share\prims\jni.cpp, line 579]
Event: 0.857 Thread 0x000001dd71541e50 Exception <a 'sun/nio/fs/WindowsException'{0x0000000710425df8}> (0x0000000710425df8) 
thrown [e:\jenkins\tmp\workspace\build\src\src\hotspot\share\prims\jni.cpp, line 579]
Event: 0.860 Thread 0x000001dd71541e50 Exception <a 'sun/nio/fs/WindowsException'{0x0000000710435530}> (0x0000000710435530) 
thrown [e:\jenkins\tmp\workspace\build\src\src\hotspot\share\prims\jni.cpp, line 579]
Event: 0.860 Thread 0x000001dd71541e50 Exception <a 'sun/nio/fs/WindowsException'{0x0000000710435818}> (0x0000000710435818) 
thrown [e:\jenkins\tmp\workspace\build\src\src\hotspot\share\prims\jni.cpp, line 579]
Event: 1.237 Thread 0x000001dd71541e50 Exception <a 'sun/nio/fs/WindowsException'{0x000000070fb14460}> (0x000000070fb14460) 
thrown [e:\jenkins\tmp\workspace\build\src\src\hotspot\share\prims\jni.cpp, line 579]

Events (20 events):
Event: 79.531 Executing  VM operation: Cleanup
Event: 79.531 Executing  VM operation: Cleanup done
Event: 87.606 Executing  VM operation: Cleanup
Event: 87.606 Executing  VM operation: Cleanup done
Event: 91.639 Executing  VM operation: Cleanup
Event: 91.639 Executing  VM operation: Cleanup done
Event: 93.652 Executing  VM operation: Cleanup
Event: 93.652 Executing  VM operation: Cleanup done
Event: 158.855 loading class com/badlogic/gdx/InputProcessor
Event: 158.855 loading class com/badlogic/gdx/InputProcessor done
Event: 159.281 Executing  VM operation: Cleanup
Event: 159.281 Executing  VM operation: Cleanup done
Event: 195.573 Executing  VM operation: G1CollectForAllocation
Event: 195.576 Executing  VM operation: G1CollectForAllocation done
Event: 457.155 loading class com/badlogic/gdx/backends/lwjgl3/Lwjgl3Window$4$1
Event: 457.155 loading class com/badlogic/gdx/backends/lwjgl3/Lwjgl3Window$4$1 done
Event: 457.165 loading class com/badlogic/gdx/utils/ObjectMap$Values
Event: 457.165 loading class com/badlogic/gdx/utils/ObjectMap$Values done
Event: 457.165 loading class com/badlogic/gdx/utils/ObjectMap$MapIterator
Event: 457.165 loading class com/badlogic/gdx/utils/ObjectMap$MapIterator done


Dynamic libraries:
0x00007ff6ebd30000 - 0x00007ff6ebd3e000 	P:\_SDKs\Java\16\jdk-19.0.1.9-hotspot\bin\java.exe
0x00007ffc52f30000 - 0x00007ffc53125000 	C:\Windows\SYSTEM32\ntdll.dll
0x00007ffc52bb0000 - 0x00007ffc52c6e000 	C:\Windows\System32\KERNEL32.DLL
0x00007ffc50bd0000 - 0x00007ffc50e99000 	C:\Windows\System32\KERNELBASE.dll
0x00007ffc50850000 - 0x00007ffc50950000 	C:\Windows\System32\ucrtbase.dll
0x00007ffc44a80000 - 0x00007ffc44a99000 	P:\_SDKs\Java\16\jdk-19.0.1.9-hotspot\bin\VCRUNTIME140.dll
0x00007ffc3e550000 - 0x00007ffc3e568000 	P:\_SDKs\Java\16\jdk-19.0.1.9-hotspot\bin\jli.dll
0x00007ffc52a00000 - 0x00007ffc52ba1000 	C:\Windows\System32\USER32.dll
0x00007ffc509a0000 - 0x00007ffc509c2000 	C:\Windows\System32\win32u.dll
0x00007ffc3b5c0000 - 0x00007ffc3b85a000 	C:\Windows\WinSxS\amd64_microsoft.windows.common-controls_6595b64144ccf1df_6.0.19041.1110_none_60b5254171f9507e\COMCTL32.dll
0x00007ffc52900000 - 0x00007ffc5292b000 	C:\Windows\System32\GDI32.dll
0x00007ffc51140000 - 0x00007ffc511de000 	C:\Windows\System32\msvcrt.dll
0x00007ffc506e0000 - 0x00007ffc507eb000 	C:\Windows\System32\gdi32full.dll
0x00007ffc509d0000 - 0x00007ffc50a6d000 	C:\Windows\System32\msvcp_win.dll
0x00007ffc52840000 - 0x00007ffc52870000 	C:\Windows\System32\IMM32.DLL
0x00007ffc3b4b0000 - 0x00007ffc3b4bc000 	P:\_SDKs\Java\16\jdk-19.0.1.9-hotspot\bin\vcruntime140_1.dll
0x00007ffbfd0a0000 - 0x00007ffbfd131000 	P:\_SDKs\Java\16\jdk-19.0.1.9-hotspot\bin\msvcp140.dll
0x00007ffbd71a0000 - 0x00007ffbd7dd8000 	P:\_SDKs\Java\16\jdk-19.0.1.9-hotspot\bin\server\jvm.dll
0x00007ffc50f80000 - 0x00007ffc5102c000 	C:\Windows\System32\ADVAPI32.dll
0x00007ffc51e60000 - 0x00007ffc51efb000 	C:\Windows\System32\sechost.dll
0x00007ffc52d30000 - 0x00007ffc52e5a000 	C:\Windows\System32\RPCRT4.dll
0x00007ffc52880000 - 0x00007ffc52888000 	C:\Windows\System32\PSAPI.DLL
0x00007ffc4ba20000 - 0x00007ffc4ba29000 	C:\Windows\SYSTEM32\WSOCK32.dll
0x00007ffc46cb0000 - 0x00007ffc46cd7000 	C:\Windows\SYSTEM32\WINMM.dll
0x00007ffc4a010000 - 0x00007ffc4a01a000 	C:\Windows\SYSTEM32\VERSION.dll
0x00007ffc518e0000 - 0x00007ffc5194b000 	C:\Windows\System32\WS2_32.dll
0x00007ffc4e450000 - 0x00007ffc4e462000 	C:\Windows\SYSTEM32\kernel.appcore.dll
0x00007ffc3afb0000 - 0x00007ffc3afba000 	P:\_SDKs\Java\16\jdk-19.0.1.9-hotspot\bin\jimage.dll
0x00007ffc3df50000 - 0x00007ffc3e134000 	C:\Windows\SYSTEM32\DBGHELP.DLL
0x00007ffc385b0000 - 0x00007ffc385dc000 	C:\Windows\SYSTEM32\dbgcore.DLL
0x00007ffc50650000 - 0x00007ffc506d3000 	C:\Windows\System32\bcryptPrimitives.dll
0x00007ffc23220000 - 0x00007ffc2325b000 	P:\_SDKs\Java\16\jdk-19.0.1.9-hotspot\bin\jdwp.dll
0x00007ffc3a990000 - 0x00007ffc3a99e000 	P:\_SDKs\Java\16\jdk-19.0.1.9-hotspot\bin\instrument.dll
0x00007ffc3a550000 - 0x00007ffc3a575000 	P:\_SDKs\Java\16\jdk-19.0.1.9-hotspot\bin\java.dll
0x00007ffc52100000 - 0x00007ffc5283f000 	C:\Windows\System32\SHELL32.dll
0x00007ffc4e730000 - 0x00007ffc4eec0000 	C:\Windows\SYSTEM32\windows.storage.dll
0x00007ffc51950000 - 0x00007ffc51ca5000 	C:\Windows\System32\combase.dll
0x00007ffc4ffc0000 - 0x00007ffc4ffec000 	C:\Windows\SYSTEM32\Wldp.dll
0x00007ffc52030000 - 0x00007ffc520dd000 	C:\Windows\System32\SHCORE.dll
0x00007ffc52890000 - 0x00007ffc528e5000 	C:\Windows\System32\shlwapi.dll
0x00007ffc50590000 - 0x00007ffc505af000 	C:\Windows\SYSTEM32\profapi.dll
0x00007ffc3a980000 - 0x00007ffc3a98c000 	P:\_SDKs\Java\16\jdk-19.0.1.9-hotspot\bin\dt_socket.dll
0x00007ffc4fa60000 - 0x00007ffc4fa9b000 	C:\Windows\SYSTEM32\IPHLPAPI.DLL
0x00007ffc4fda0000 - 0x00007ffc4fe0a000 	C:\Windows\system32\mswsock.dll
0x00007ffc3a650000 - 0x00007ffc3a668000 	P:\_SDKs\Java\16\jdk-19.0.1.9-hotspot\bin\zip.dll
0x00007ffc38470000 - 0x00007ffc38489000 	P:\_SDKs\Java\16\jdk-19.0.1.9-hotspot\bin\net.dll
0x00007ffc4a530000 - 0x00007ffc4a638000 	C:\Windows\SYSTEM32\WINHTTP.dll
0x00007ffc2cd50000 - 0x00007ffc2cd63000 	P:\_SDKs\Java\16\jdk-19.0.1.9-hotspot\bin\nio.dll
0x000000006e700000 - 0x000000006e72a000 	C:\Users\dpete\AppData\Local\Temp\libgdxdpete\e1cd32f8\gdx64.dll
0x00007ffbfd690000 - 0x00007ffbfd6f4000 	C:\Users\dpete\AppData\Local\Temp\lwjgldpete\3.2.3-build-13\lwjgl.dll
0x00007ffbfa950000 - 0x00007ffbfaba3000 	C:\Users\dpete\AppData\Local\Temp\lwjgldpete\3.2.3-build-13\jemalloc.dll
0x00007ffbfc060000 - 0x00007ffbfc0c2000 	C:\Users\dpete\AppData\Local\Temp\lwjgldpete\3.2.3-build-13\glfw.dll
0x00007ffc4df60000 - 0x00007ffc4dffe000 	C:\Windows\system32\uxtheme.dll
0x00007ffc22c10000 - 0x00007ffc22c55000 	C:\Windows\SYSTEM32\dinput8.dll
0x00007ffc28540000 - 0x00007ffc28551000 	C:\Windows\SYSTEM32\xinput1_4.dll
0x00007ffc50950000 - 0x00007ffc5099e000 	C:\Windows\System32\cfgmgr32.dll
0x00007ffc503f0000 - 0x00007ffc50424000 	C:\Windows\SYSTEM32\DEVOBJ.dll
0x00007ffc4e420000 - 0x00007ffc4e44f000 	C:\Windows\SYSTEM32\dwmapi.dll
0x00007ffc43c50000 - 0x00007ffc43da2000 	C:\Windows\SYSTEM32\inputhost.dll
0x00007ffc52930000 - 0x00007ffc529fd000 	C:\Windows\System32\OLEAUT32.dll
0x00007ffc4dc30000 - 0x00007ffc4dd22000 	C:\Windows\SYSTEM32\CoreMessaging.dll
0x00007ffc4be10000 - 0x00007ffc4bf06000 	C:\Windows\SYSTEM32\PROPSYS.dll
0x00007ffc4d200000 - 0x00007ffc4d354000 	C:\Windows\SYSTEM32\wintypes.dll
0x00007ffc4d8d0000 - 0x00007ffc4dc2e000 	C:\Windows\SYSTEM32\CoreUIComponents.dll
0x00007ffc4f300000 - 0x00007ffc4f333000 	C:\Windows\SYSTEM32\ntmarta.dll
0x00007ffc51260000 - 0x00007ffc51375000 	C:\Windows\System32\MSCTF.dll
0x00007ffc4eec0000 - 0x00007ffc4eecd000 	C:\Windows\SYSTEM32\HID.DLL
0x00007ffc51460000 - 0x00007ffc518d2000 	C:\Windows\System32\SETUPAPI.DLL
0x00007ffc50ea0000 - 0x00007ffc50ec7000 	C:\Windows\System32\bcrypt.dll
0x00007ffc507f0000 - 0x00007ffc50850000 	C:\Windows\System32\WINTRUST.dll
0x00007ffc50a70000 - 0x00007ffc50bc6000 	C:\Windows\System32\CRYPT32.dll
0x00007ffc50230000 - 0x00007ffc50242000 	C:\Windows\SYSTEM32\MSASN1.dll
0x00007ffbf4300000 - 0x00007ffbf440b000 	C:\Users\dpete\AppData\Local\Temp\lwjgldpete\3.2.3-build-13\OpenAL.dll
0x00007ffc51f00000 - 0x00007ffc5202a000 	C:\Windows\System32\ole32.dll
0x00007ffc51030000 - 0x00007ffc510d9000 	C:\Windows\System32\clbcatq.dll
0x00007ffc49440000 - 0x00007ffc494c5000 	C:\Windows\System32\MMDevApi.dll
0x00007ffc49540000 - 0x00007ffc496c1000 	C:\Windows\SYSTEM32\AUDIOSES.DLL
0x00007ffc4fb80000 - 0x00007ffc4fbcb000 	C:\Windows\SYSTEM32\powrprof.dll
0x00007ffc4fa40000 - 0x00007ffc4fa52000 	C:\Windows\SYSTEM32\UMPDC.dll
0x00007ffc4e130000 - 0x00007ffc4e144000 	C:\Windows\SYSTEM32\resourcepolicyclient.dll
0x00007ffc0cdc0000 - 0x00007ffc0cee5000 	C:\Windows\SYSTEM32\opengl32.dll
0x00007ffc3bec0000 - 0x00007ffc3beec000 	C:\Windows\SYSTEM32\GLU32.dll
0x00007ffc4b220000 - 0x00007ffc4b319000 	C:\Windows\System32\AppXDeploymentClient.dll
0x00007ffbd2f00000 - 0x00007ffbd5ebf000 	C:\Windows\System32\DriverStore\FileRepository\nv_dispi.inf_amd64_5292bbfbf575e2d2\nvoglv64.dll
0x00007ffc4bf70000 - 0x00007ffc4bf84000 	C:\Windows\SYSTEM32\WTSAPI32.dll
0x00007ffc4ff30000 - 0x00007ffc4ff3c000 	C:\Windows\SYSTEM32\CRYPTBASE.DLL
0x00007ffc49fd0000 - 0x00007ffc4a001000 	C:\Windows\SYSTEM32\cryptnet.dll
0x00007ffc47540000 - 0x00007ffc4768a000 	C:\Windows\SYSTEM32\drvstore.dll
0x00007ffc4bae0000 - 0x00007ffc4bb1b000 	C:\Windows\SYSTEM32\dxcore.dll
0x00007ffbfd980000 - 0x00007ffbfdc43000 	C:\Windows\system32\nvspcap64.dll
0x00007ffc4f370000 - 0x00007ffc4f3ca000 	C:\Windows\SYSTEM32\WINSTA.dll
0x00007ffbfc000000 - 0x00007ffbfc059000 	C:\Users\dpete\AppData\Local\Temp\lwjgldpete\3.2.3-build-13\lwjgl_opengl.dll
0x00007ffc440c0000 - 0x00007ffc441b9000 	C:\Windows\SYSTEM32\textinputframework.dll
0x0000000064a00000 - 0x0000000065729000 	C:\Users\dpete\AppData\Local\Temp\imgui-java-natives_1635892114420\imgui-java64.dll

dbghelp: loaded successfully - version: 4.0.5 - missing functions: none
symbol engine: initialized successfully - sym options: 0x614 - pdb path: .;P:\_SDKs\Java\16\jdk-19.0.1.9-hotspot\bin;C:\Windows\SYSTEM32;C:\Windows\WinSxS\amd64_microsoft.windows.common-controls_6595b64144ccf1df_6.0.19041.1110_none_60b5254171f9507e;P:\_SDKs\Java\16\jdk-19.0.1.9-hotspot\bin\server;C:\Users\dpete\AppData\Local\Temp\libgdxdpete\e1cd32f8;C:\Users\dpete\AppData\Local\Temp\lwjgldpete\3.2.3-build-13;C:\Windows\System32\DriverStore\FileRepository\nv_dispi.inf_amd64_5292bbfbf575e2d2;C:\Users\dpete\AppData\Local\Temp\imgui-java-natives_1635892114420

VM Arguments:
jvm_args: -agentlib:jdwp=transport=dt_socket,address=127.0.0.1:49350,suspend=y,server=n -javaagent:C:\Users\dpete\.gradle\caches\modules-2\files-2.1\org.jetbrains.kotlinx\kotlinx-coroutines-core-jvm\1.5.2\f4cc07a50437659e0043e7da762809a46932b6a0\kotlinx-coroutines-core-jvm-1.5.2.jar -javaagent:C:\Users\dpete\AppData\Local\JetBrains\IntelliJIdea2021.1\captureAgent\debugger-agent.jar -Dfile.encoding=UTF-8 
java_command: MainKt
java_class_path (initial): P:\_Projects\Apophis\build\classes\kotlin\main;P:\_Projects\Apophis\build\resources\main;C:\Users\dpete\.gradle\caches\modules-2\files-2.1\io.github.libktx\ktx-app\1.10.0-b4\1c160a007c4e0d3de09d1294eb71b53450c84ed3\ktx-app-1.10.0-b4.jar;C:\Users\dpete\.gradle\caches\modules-2\files-2.1\com.google.guava\guava\21.0\3a3d111be1be1b745edfa7d91678a12d7ed38709\guava-21.0.jar;C:\Users\dpete\.gradle\caches\modules-2\files-2.1\org.jetbrains.kotlin\kotlin-stdlib-jdk8\1.5.31\ff5d99aecd328872494e8921b72bf6e3af97af3e\kotlin-stdlib-jdk8-1.5.31.jar;C:\Users\dpete\.gradle\caches\modules-2\files-2.1\io.github.spair\imgui-java-binding\1.84.1.3\e6828b608b524bd4078d6d11e07119e6daff44b0\imgui-java-binding-1.84.1.3.jar;C:\Users\dpete\.gradle\caches\modules-2\files-2.1\io.github.spair\imgui-java-lwjgl3\1.84.1.3\25274d30db97c52a5c31dde1f668c728a67e558f\imgui-java-lwjgl3-1.84.1.3.jar;C:\Users\dpete\.gradle\caches\modules-2\files-2.1\io.github.spair\imgui-java-natives-linux\1.84.1.3\836084070063e5fdcc1bbf232cf5961ae58642b4\imgui-java-natives-linux-1.84.1.3.jar;C:\Users\dpete\.gradle\caches\modules-2\files-2.1\io.github.spair\imgui-java-natives-macos\1.84.1.3\4ab8884e9089b516072118cf0e47e2250e695ad1\imgui-java-natives-macos-1.84.1.3.jar;C:\Users\dpete\.gradle\caches\modules-2\files-2.1\io.github.spair\imgui-java-natives-windows\1.84.1.3\5ffe2df91eede3936108becde5781ef78fbdc18e\imgui-java-natives-windows-1.84.1.3.jar;C:\Users\dpete\.gradle\caches\modules-2\files-2.1\kotlin.graphics\glm\0.9.9.1-3+27\85aefe776f37122643336a7eb8e600fa599773\glm-0.9.9.1-3+27-jdk8.jar;C:\Users\dpete\.gradle\caches\modules-2\files-2.1\com.badlogicgames.gdx\gdx-tools\1.10.0\d699cf4953fb42a071c7c3feb9b5c45601aa6a4b\gdx-tools-1.10.0.jar;C:\Users\dpete\.gradle\caches\modules-2\files-2.1\com.badlogicgames.gdx\gdx-platform\1.10.0\9a8fa793d2fd6d360afc6c9e4c1f5583da263b88\gdx-platform-1.10.0-natives-desktop.jar;C:\Users\dpete\.gradle\caches\modules-2\files-2.1\com.badlogicgames.gdx\gdx-backend-lwj
Launcher Type: SUN_STANDARD

[Global flags]
     intx CICompilerCount                          = 3                                         {product} {ergonomic}
     uint ConcGCThreads                            = 1                                         {product} {ergonomic}
     uint G1ConcRefinementThreads                  = 4                                         {product} {ergonomic}
   size_t G1HeapRegionSize                         = 2097152                                   {product} {ergonomic}
    uintx GCDrainStackTargetSize                   = 64                                        {product} {ergonomic}
   size_t InitialHeapSize                          = 268435456                                 {product} {ergonomic}
   size_t MarkStackSize                            = 4194304                                   {product} {ergonomic}
   size_t MaxHeapSize                              = 4282384384                                {product} {ergonomic}
   size_t MaxNewSize                               = 2569011200                                {product} {ergonomic}
   size_t MinHeapDeltaBytes                        = 2097152                                   {product} {ergonomic}
   size_t MinHeapSize                              = 8388608                                   {product} {ergonomic}
    uintx NonNMethodCodeHeapSize                   = 5832780                                {pd product} {ergonomic}
    uintx NonProfiledCodeHeapSize                  = 122912730                              {pd product} {ergonomic}
    uintx ProfiledCodeHeapSize                     = 122912730                              {pd product} {ergonomic}
    uintx ReservedCodeCacheSize                    = 251658240                              {pd product} {ergonomic}
     bool SegmentedCodeCache                       = true                                      {product} {ergonomic}
   size_t SoftMaxHeapSize                          = 4282384384                             {manageable} {ergonomic}
     bool UseCompressedClassPointers               = true                           {product lp64_product} {ergonomic}
     bool UseCompressedOops                        = true                           {product lp64_product} {ergonomic}
     bool UseG1GC                                  = true                                      {product} {ergonomic}
     bool UseLargePagesIndividualAllocation        = false                                  {pd product} {ergonomic}

Logging:
Log output configuration:
 #0: stdout all=warning uptime,level,tags
 #1: stderr all=off uptime,level,tags

Environment Variables:
JAVA_HOME=P:\_SDKs\Java\16\jdk-19.0.1.9-hotspot\
PATH=C:\Program Files\Python39\Scripts\;C:\Program Files\Python39\;P:\_SDKs\Java\16\jdk-19.0.1.9-hotspot\bin;C:\Windows\system32;C:\Windows;C:\Windows\System32\Wbem;C:\Windows\System32\WindowsPowerShell\v1.0\;C:\Windows\System32\OpenSSH\;C:\Program Files\Git\cmd;C:\Program Files (x86)\NVIDIA Corporation\PhysX\Common;C:\Program Files\NVIDIA Corporation\NVIDIA NvDLISR;C:\Program Files\dotnet\;C:\Program Files\Microsoft SQL Server\130\Tools\Binn\;C:\Program Files\Microsoft SQL Server\Client SDK\ODBC\170\Tools\Binn\;C:\Program Files\FileBot\;C:\Program Files\MiKTeX\miktex\bin\x64\;C:\Program Files\Docker\Docker\resources\bin;C:\ProgramData\DockerDesktop\version-bin;P:\_SDKs\Perl\Strawberry\c\bin;P:\_SDKs\Perl\Strawberry\perl\site\bin;P:\_SDKs\Perl\Strawberry\perl\bin;P:\_SDKs\NodeJs\nvm;C:\Program Files\nodejs;C:\Program Files\PuTTY\;D:\_Programs\aria2\aria2-1.36.0-win-64bit-build1;D:\_Programs\ffmpeg\ffmpeg-N-104381-gab79263419-win64-gpl;C:\Program Files\PowerShell\7\;P:\_SDKs\ffmpeg\ffmpeg-4.3.1-2021-01-01-essentials_build\bin;C:\Users\dpete\AppData\Local\activestate\cache\bin;C:\Users\dpete\AppData\Local\ActiveState\StateTool\release;C:\Users\dpete\AppData\Local\Microsoft\WindowsApps;C:\Users\dpete\.dotnet\tools;C:\Users\dpete\AppData\Local\Programs\Microsoft VS Code\bin;C:\Users\dpete\AppData\Local\gitkraken\bin;P:\_Programs\hugo\hugo_extended_0.85.0_Windows-64bit;C:\Users\dpete\.dotnet\tools;C:\Users\dpete\.deno\bin;P:\_SDKs\NodeJs\nvm;C:\Program Files\nodejs;C:\Users\dpete\AppData\Local\Programs\oh-my-posh\bin;C:\Users\dpete\AppData\Local\Programs\oh-my-posh\themes;\Users\dpete\.bin;C:\Users\dpete\.dotnet\tools
USERNAME=dpete
OS=Windows_NT
PROCESSOR_IDENTIFIER=Intel64 Family 6 Model 94 Stepping 3, GenuineIntel



---------------  S Y S T E M  ---------------

OS:
 Windows 10 , 64 bit Build 19041 (10.0.19041.1202)
OS uptime: 6 days 13:25 hours
Hyper-V role detected

CPU: total 4 (initial active 4) (4 cores per cpu, 1 threads per core) family 6 model 94 stepping 3 microcode 0xcc, cx8, cmov, fxsr, mmx, 3dnowpref, sse, sse2, sse3, ssse3, sse4.1, sse4.2, popcnt, lzcnt, tsc, tscinvbit, avx, avx2, aes, erms, clmul, bmi1, bmi2, rtm, adx, fma, vzeroupper, clflush, clflushopt, hv

Memory: 4k page, system-wide physical 16331M (4524M free)
TotalPageFile size 48075M (AvailPageFile size 24867M)
current process WorkingSet (physical memory assigned to process): 157M, peak: 184M
current process commit charge ("private bytes"): 485M, peak: 521M

vm_info: OpenJDK 64-Bit Server VM (16.0.1+9) for windows-amd64 JRE (16.0.1+9), built on Apr 21 2021 12:30:27 by "" with MS VC++ 16.7 (VS2019)

END.
